1449182512.898 1449182542.979  -0.12657205 # 03.12.2015 22:42:22.979000000
1449182552.593 1449182582.697  -0.11602437 # 03.12.2015 22:43:02.697000000
1449182592.244 1449182622.333  -0.10547670 # 03.12.2015 22:43:42.333000000
1449182631.872 1449182661.957  -0.09492903 # 03.12.2015 22:44:21.957000000
1449182671.470 1449182701.561  -0.08438136 # 03.12.2015 22:45:01.561000000
1449182711.065 1449182741.140  -0.07383369 # 03.12.2015 22:45:41.140000000
1449182750.697 1449182780.792  -0.06328602 # 03.12.2015 22:46:20.792000000
1449182790.308 1449182820.408  -0.05273835 # 03.12.2015 22:47:00.408000000
1449182829.967 1449182860.048  -0.04219068 # 03.12.2015 22:47:40.048000000
1449182869.552 1449182899.646  -0.03164301 # 03.12.2015 22:48:19.646000000
1449182909.251 1449182939.320  -0.02109534 # 03.12.2015 22:48:59.320000000
1449182948.872 1449182978.970  -0.01054767 # 03.12.2015 22:49:38.970000000
1449182988.508 1449183018.598   0.00000000 # 03.12.2015 22:50:18.598000000
1449183028.111 1449183058.179   0.01054767 # 03.12.2015 22:50:58.179000000
1449183067.813 1449183097.883   0.02109534 # 03.12.2015 22:51:37.883000000
1449183107.415 1449183137.488   0.03164301 # 03.12.2015 22:52:17.488000000
1449183146.967 1449183177.026   0.04219068 # 03.12.2015 22:52:57.026000000
1449183187.193 1449183217.273   0.05273835 # 03.12.2015 22:53:37.273000000
1449183226.826 1449183256.898   0.06328602 # 03.12.2015 22:54:16.898000000
1449183266.436 1449183296.528   0.07383369 # 03.12.2015 22:54:56.528000000
1449183306.104 1449183336.171   0.08438136 # 03.12.2015 22:55:36.171000000
1449183345.715 1449183375.818   0.09492903 # 03.12.2015 22:56:15.818000000
1449183385.644 1449183415.723   0.10547670 # 03.12.2015 22:56:55.723000000
1449183425.226 1449183455.292   0.11602437 # 03.12.2015 22:57:35.292000000
1449183464.834 1449183494.911   0.12657205 # 03.12.2015 22:58:14.911000000

1449183618.866 1449183648.945  -0.12657205 # 03.12.2015 23:00:48.945000000
1449183658.450 1449183688.528  -0.11602437 # 03.12.2015 23:01:28.528000000
1449183698.008 1449183728.075  -0.10547670 # 03.12.2015 23:02:08.075000000
1449183737.327 1449183767.406  -0.09492903 # 03.12.2015 23:02:47.406000000
1449183776.910 1449183806.998  -0.08438136 # 03.12.2015 23:03:26.998000000
1449183816.470 1449183846.557  -0.07383369 # 03.12.2015 23:04:06.557000000
1449183856.021 1449183886.079  -0.06328602 # 03.12.2015 23:04:46.079000000
1449183895.354 1449183925.421  -0.05273835 # 03.12.2015 23:05:25.421000000
1449183934.885 1449183964.974  -0.04219068 # 03.12.2015 23:06:04.974000000
1449183974.472 1449184004.556  -0.03164301 # 03.12.2015 23:06:44.556000000
1449184013.836 1449184043.938  -0.02109534 # 03.12.2015 23:07:23.938000000
1449184053.467 1449184083.544  -0.01054767 # 03.12.2015 23:08:03.544000000
1449184092.845 1449184122.930   0.00000000 # 03.12.2015 23:08:42.930000000
1449184132.429 1449184162.518   0.01054767 # 03.12.2015 23:09:22.518000000
1449184171.794 1449184201.868   0.02109534 # 03.12.2015 23:10:01.868000000
1449184211.355 1449184241.423   0.03164301 # 03.12.2015 23:10:41.423000000
1449184250.934 1449184281.005   0.04219068 # 03.12.2015 23:11:21.005000000
1449184290.488 1449184320.582   0.05273835 # 03.12.2015 23:12:00.582000000
1449184329.826 1449184359.910   0.06328602 # 03.12.2015 23:12:39.910000000
1449184369.418 1449184399.499   0.07383369 # 03.12.2015 23:13:19.499000000
1449184409.443 1449184439.519   0.08438136 # 03.12.2015 23:13:59.519000000
1449184448.801 1449184478.866   0.09492903 # 03.12.2015 23:14:38.866000000
1449184488.347 1449184518.416   0.10547670 # 03.12.2015 23:15:18.416000000
1449184527.910 1449184557.975   0.11602437 # 03.12.2015 23:15:57.975000000
1449184567.512 1449184597.590   0.12657205 # 03.12.2015 23:16:37.590000000

1449184780.697 1449184810.780  -0.12657205 # 03.12.2015 23:20:10.780000000
1449184820.307 1449184850.392  -0.11602437 # 03.12.2015 23:20:50.392000000
1449184859.925 1449184889.987  -0.10547670 # 03.12.2015 23:21:29.987000000
1449184899.630 1449184929.710  -0.09492903 # 03.12.2015 23:22:09.710000000
1449184939.229 1449184969.303  -0.08438136 # 03.12.2015 23:22:49.303000000
1449184978.830 1449185008.910  -0.07383369 # 03.12.2015 23:23:28.910000000
1449185018.451 1449185048.538  -0.06328602 # 03.12.2015 23:24:08.538000000
1449185058.046 1449185088.112  -0.05273835 # 03.12.2015 23:24:48.112000000
1449185097.634 1449185127.749  -0.04219068 # 03.12.2015 23:25:27.749000000
1449185137.250 1449185167.336  -0.03164301 # 03.12.2015 23:26:07.336000000
1449185176.929 1449185207.008  -0.02109534 # 03.12.2015 23:26:47.008000000
1449185216.560 1449185246.643  -0.01054767 # 03.12.2015 23:27:26.643000000
1449185256.169 1449185286.236   0.00000000 # 03.12.2015 23:28:06.236000000
1449185295.766 1449185325.834   0.01054767 # 03.12.2015 23:28:45.834000000
1449185335.374 1449185365.458   0.02109534 # 03.12.2015 23:29:25.458000000
1449185375.006 1449185405.070   0.03164301 # 03.12.2015 23:30:05.070000000
1449185414.710 1449185444.806   0.04219068 # 03.12.2015 23:30:44.806000000
1449185454.374 1449185484.463   0.05273835 # 03.12.2015 23:31:24.463000000
1449185493.945 1449185524.026   0.06328602 # 03.12.2015 23:32:04.026000000
1449185533.527 1449185563.607   0.07383369 # 03.12.2015 23:32:43.607000000
1449185573.127 1449185603.193   0.08438136 # 03.12.2015 23:33:23.193000000
1449185612.792 1449185642.866   0.09492903 # 03.12.2015 23:34:02.866000000
1449185652.433 1449185682.502   0.10547670 # 03.12.2015 23:34:42.502000000
1449185692.125 1449185722.204   0.11602437 # 03.12.2015 23:35:22.204000000
1449185731.888 1449185761.959   0.12657205 # 03.12.2015 23:36:01.959000000

1449186726.671 1449186756.756  -0.12657205 # 03.12.2015 23:52:36.756000000
1449186766.286 1449186796.353  -0.11602437 # 03.12.2015 23:53:16.353000000
1449186805.873 1449186835.933  -0.10547670 # 03.12.2015 23:53:55.933000000
1449186845.482 1449186875.554  -0.09492903 # 03.12.2015 23:54:35.554000000
1449186885.211 1449186915.286  -0.08438136 # 03.12.2015 23:55:15.286000000
1449186924.885 1449186954.944  -0.07383369 # 03.12.2015 23:55:54.944000000
1449186964.515 1449186994.597  -0.06328602 # 03.12.2015 23:56:34.597000000
1449187004.087 1449187034.169  -0.05273835 # 03.12.2015 23:57:14.169000000
1449187043.738 1449187073.823  -0.04219068 # 03.12.2015 23:57:53.823000000
1449187083.308 1449187113.373  -0.03164301 # 03.12.2015 23:58:33.373000000
1449187122.886 1449187152.963  -0.02109534 # 03.12.2015 23:59:12.963000000
1449187162.470 1449187192.547  -0.01054767 # 03.12.2015 23:59:52.547000000
1449187201.829 1449187231.914   0.00000000 # 04.12.2015 00:00:31.914000000
1449187241.409 1449187271.483   0.01054767 # 04.12.2015 00:01:11.483000000
1449187281.006 1449187311.070   0.02109534 # 04.12.2015 00:01:51.070000000
1449187320.351 1449187350.419   0.03164301 # 04.12.2015 00:02:30.419000000
1449187359.950 1449187390.006   0.04219068 # 04.12.2015 00:03:10.006000000
1449187399.629 1449187429.714   0.05273835 # 04.12.2015 00:03:49.714000000
1449187439.247 1449187469.313   0.06328602 # 04.12.2015 00:04:29.313000000
1449187478.847 1449187508.919   0.07383369 # 04.12.2015 00:05:08.919000000
1449187518.429 1449187548.509   0.08438136 # 04.12.2015 00:05:48.509000000
1449187557.816 1449187587.891   0.09492903 # 04.12.2015 00:06:27.891000000
1449187597.409 1449187627.499   0.10547670 # 04.12.2015 00:07:07.499000000
1449187637.165 1449187667.227   0.11602437 # 04.12.2015 00:07:47.227000000
1449187676.738 1449187706.819   0.12657205 # 04.12.2015 00:08:26.819000000

1449189615.268 1449189660.379  -0.08438136 # 04.12.2015 00:41:00.379000000
1449189675.087 1449189720.163  -0.08438136 # 04.12.2015 00:42:00.163000000
1449189729.710 1449189774.836  -0.07383369 # 04.12.2015 00:42:54.836000000
1449189784.367 1449189829.465  -0.06328602 # 04.12.2015 00:43:49.465000000
1449189839.007 1449189884.098  -0.05273835 # 04.12.2015 00:44:44.098000000
1449189893.629 1449189938.754  -0.04219068 # 04.12.2015 00:45:38.754000000
1449189948.386 1449189993.494  -0.03164301 # 04.12.2015 00:46:33.494000000
1449190003.029 1449190048.127  -0.02109534 # 04.12.2015 00:47:28.127000000
1449190057.718 1449190102.838  -0.01054767 # 04.12.2015 00:48:22.838000000
1449190112.369 1449190157.475   0.00000000 # 04.12.2015 00:49:17.475000000
1449190167.091 1449190212.189   0.01054767 # 04.12.2015 00:50:12.189000000
1449190221.747 1449190266.863   0.02109534 # 04.12.2015 00:51:06.863000000
1449190276.406 1449190321.522   0.03164301 # 04.12.2015 00:52:01.522000000
1449190331.188 1449190376.281   0.04219068 # 04.12.2015 00:52:56.281000000
1449190386.037 1449190431.143   0.05273835 # 04.12.2015 00:53:51.143000000
1449190440.686 1449190485.809   0.06328602 # 04.12.2015 00:54:45.809000000
1449190495.388 1449190540.490   0.07383369 # 04.12.2015 00:55:40.490000000
1449190550.089 1449190595.169   0.08438136 # 04.12.2015 00:56:35.169000000

1449190698.689 1449190743.822  -0.08438136 # 04.12.2015 00:59:03.822000000
1449190758.327 1449190803.425  -0.08438136 # 04.12.2015 01:00:03.425000000
1449190812.952 1449190858.058  -0.07383369 # 04.12.2015 01:00:58.058000000
1449190867.362 1449190912.465  -0.06328602 # 04.12.2015 01:01:52.465000000
1449190921.967 1449190967.084  -0.05273835 # 04.12.2015 01:02:47.084000000
1449190976.357 1449191021.473  -0.04219068 # 04.12.2015 01:03:41.473000000
1449191031.007 1449191076.113  -0.03164301 # 04.12.2015 01:04:36.113000000
1449191085.608 1449191130.731  -0.02109534 # 04.12.2015 01:05:30.731000000
1449191140.287 1449191185.394  -0.01054767 # 04.12.2015 01:06:25.394000000
1449191194.920 1449191240.020   0.00000000 # 04.12.2015 01:07:20.020000000
1449191249.511 1449191294.628   0.01054767 # 04.12.2015 01:08:14.628000000
1449191304.127 1449191349.229   0.02109534 # 04.12.2015 01:09:09.229000000
1449191358.781 1449191403.916   0.03164301 # 04.12.2015 01:10:03.916000000
1449191413.430 1449191458.540   0.04219068 # 04.12.2015 01:10:58.540000000
1449191467.813 1449191512.934   0.05273835 # 04.12.2015 01:11:52.934000000
1449191522.434 1449191567.548   0.06328602 # 04.12.2015 01:12:47.548000000
1449191577.159 1449191622.254   0.07383369 # 04.12.2015 01:13:42.254000000
1449191631.773 1449191676.889   0.08438136 # 04.12.2015 01:14:36.889000000
