1449188264.670 1449188269.670 0
1449188269.670 1449188274.670 1
1449188274.670 1449188279.670 2
1449188279.670 1449188284.670 3
1449188284.670 1449188289.670 4
1449188289.670 1449188294.670 5
1449188294.670 1449188299.670 6
1449188299.670 1449188304.670 7
1449188304.670 1449188309.670 8
1449188309.670 1449188314.670 9
1449188314.670 1449188319.670 10
1449188319.670 1449188324.670 11
1449188353.412 1449188358.412 12
1449188358.412 1449188363.412 13
1449188363.412 1449188368.412 14
1449188368.412 1449188373.412 15
1449188373.412 1449188378.412 16
1449188378.412 1449188383.412 17
1449188383.412 1449188388.412 18
1449188388.412 1449188393.412 19
1449188393.412 1449188398.412 20
1449188398.412 1449188403.412 21
1449188403.412 1449188408.412 22
1449188408.412 1449188413.412 23
1449188442.164 1449188447.164 24
1449188447.164 1449188452.164 25
1449188452.164 1449188457.164 26
1449188457.164 1449188462.164 27
1449188462.164 1449188467.164 28
1449188467.164 1449188472.164 29
1449188472.164 1449188477.164 30
1449188477.164 1449188482.164 31
1449188482.164 1449188487.164 32
1449188487.164 1449188492.164 33
1449188492.164 1449188497.164 34
1449188497.164 1449188502.164 35
1449188530.873 1449188535.873 36
1449188535.873 1449188540.873 37
1449188540.873 1449188545.873 38
1449188545.873 1449188550.873 39
1449188550.873 1449188555.873 40
1449188555.873 1449188560.873 41
1449188560.873 1449188565.873 42
1449188565.873 1449188570.873 43
1449188570.873 1449188575.873 44
1449188575.873 1449188580.873 45
1449188580.873 1449188585.873 46
1449188585.873 1449188590.873 47
1449188619.579 1449188624.579 48
1449188624.579 1449188629.579 49
1449188629.579 1449188634.579 50
1449188634.579 1449188639.579 51
1449188639.579 1449188644.579 52
1449188644.579 1449188649.579 53
1449188649.579 1449188654.579 54
1449188654.579 1449188659.579 55
1449188659.579 1449188664.579 56
1449188664.579 1449188669.579 57
1449188669.579 1449188674.579 58
1449188674.579 1449188679.579 59
1449188775.598 1449188780.598 60
1449188780.598 1449188785.598 61
1449188785.598 1449188790.598 62
1449188790.598 1449188795.598 63
1449188795.598 1449188800.598 64
1449188800.598 1449188805.598 65
1449188805.598 1449188810.598 66
1449188810.598 1449188815.598 67
1449188815.598 1449188820.598 68
1449188820.598 1449188825.598 69
1449188825.598 1449188830.598 70
1449188830.598 1449188835.598 71
1449188864.334 1449188869.334 72
1449188869.334 1449188874.334 73
1449188874.334 1449188879.334 74
1449188879.334 1449188884.334 75
1449188884.334 1449188889.334 76
1449188889.334 1449188894.334 77
1449188894.334 1449188899.334 78
1449188899.334 1449188904.334 79
1449188904.334 1449188909.334 80
1449188909.334 1449188914.334 81
1449188914.334 1449188919.334 82
1449188919.334 1449188924.334 83
1449188953.127 1449188958.127 84
1449188958.127 1449188963.127 85
1449188963.127 1449188968.127 86
1449188968.127 1449188973.127 87
1449188973.127 1449188978.127 88
1449188978.127 1449188983.127 89
1449188983.127 1449188988.127 90
1449188988.127 1449188993.127 91
1449188993.127 1449188998.127 92
1449188998.127 1449189003.127 93
1449189003.127 1449189008.127 94
1449189008.127 1449189013.127 95
1449189041.833 1449189046.833 96
1449189046.833 1449189051.833 97
1449189051.833 1449189056.833 98
1449189056.833 1449189061.833 99
1449189061.833 1449189066.833 100
1449189066.833 1449189071.833 101
1449189071.833 1449189076.833 102
1449189076.833 1449189081.833 103
1449189081.833 1449189086.833 104
1449189086.833 1449189091.833 105
1449189091.833 1449189096.833 106
1449189096.833 1449189101.833 107
1449189131.513 1449189136.513 108
1449189136.513 1449189141.513 109
1449189141.513 1449189146.513 110
1449189146.513 1449189151.513 111
1449189151.513 1449189156.513 112
1449189156.513 1449189161.513 113
1449189161.513 1449189166.513 114
1449189166.513 1449189171.513 115
1449189171.513 1449189176.513 116
1449189176.513 1449189181.513 117
1449189181.513 1449189186.513 118
1449189186.513 1449189191.513 119
