1447977865.343000 1447977875.360000 -0.540000
1447977881.713000 1447977891.741000 -0.504000
1447977898.086000 1447977908.104000 -0.468000
1447977915.452000 1447977925.471000 -0.432000
1447977932.100000 1447977942.118000 -0.396000
1447977948.827000 1447977958.853000 -0.360000
1447977965.222000 1447977975.239000 -0.324000
1447977981.566000 1447977991.585000 -0.288000
1447977997.938000 1447978007.967000 -0.252000
1447978014.359000 1447978024.378000 -0.216000
1447978030.709000 1447978040.738000 -0.180000
1447978047.107000 1447978057.125000 -0.144000
1447978064.461000 1447978074.477000 -0.108000
1447978081.124000 1447978091.142000 -0.072000
1447978097.818000 1447978107.843000 -0.036000
1447978114.186000 1447978124.204000 -0.000000
1447978131.492000 1447978141.514000 0.036000
1447978147.856000 1447978157.882000 0.072000
1447978164.247000 1447978174.266000 0.108000
1447978181.029000 1447978191.055000 0.144000
1447978197.715000 1447978207.741000 0.180000
1447978214.083000 1447978224.104000 0.216000
1447978231.469000 1447978241.487000 0.252000
1447978247.822000 1447978257.851000 0.288000
1447978264.204000 1447978274.227000 0.324000
1447978281.506000 1447978291.526000 0.360000
1447978298.287000 1447978308.304000 0.396000
1447978315.042000 1447978325.068000 0.432000
1447978331.411000 1447978341.430000 0.468000
1447978347.769000 1447978357.797000 0.504000
1447978364.148000 1447978374.165000 0.540000

1447978520.180000 1447978530.201000 -0.450000
1447978537.067000 1447978547.088000 -0.420000
1447978553.450000 1447978563.473000 -0.390000
1447978569.836000 1447978579.861000 -0.360000
1447978586.240000 1447978596.257000 -0.330000
1447978602.627000 1447978612.644000 -0.300000
1447978618.992000 1447978629.028000 -0.270000
1447978635.404000 1447978645.423000 -0.240000
1447978651.790000 1447978661.818000 -0.210000
1447978668.163000 1447978678.181000 -0.180000
1447978684.545000 1447978694.561000 -0.150000
1447978701.344000 1447978711.363000 -0.120000
1447978718.160000 1447978728.183000 -0.090000
1447978734.540000 1447978744.559000 -0.060000
1447978750.929000 1447978760.960000 -0.030000
1447978767.342000 1447978777.360000 0.000000
1447978783.720000 1447978793.746000 0.030000
1447978800.121000 1447978810.140000 0.060000
1447978816.500000 1447978826.527000 0.090000
1447978832.889000 1447978842.918000 0.120000
1447978849.293000 1447978859.310000 0.150000
1447978865.677000 1447978875.705000 0.180000
1447978882.666000 1447978892.693000 0.210000
1447978899.048000 1447978909.077000 0.240000
1447978915.428000 1447978925.450000 0.270000
1447978931.811000 1447978941.839000 0.300000
1447978948.259000 1447978958.276000 0.330000
1447978964.662000 1447978974.687000 0.360000
1447978981.063000 1447978991.084000 0.390000
1447978997.471000 1447979007.489000 0.420000
1447979013.865000 1447979023.894000 0.450000

1447979147.329000 1447979157.349000 -0.540000
1447979165.013000 1447979175.039000 -0.504000
1447979181.339000 1447979191.357000 -0.468000
1447979197.625000 1447979207.648000 -0.432000
1447979214.945000 1447979224.968000 -0.396000
1447979231.224000 1447979241.247000 -0.360000
1447979248.505000 1447979258.531000 -0.324000
1447979265.220000 1447979275.261000 -0.288000
1447979281.548000 1447979291.568000 -0.252000
1447979297.854000 1447979307.878000 -0.216000
1447979314.184000 1447979324.204000 -0.180000
1447979331.465000 1447979341.521000 -0.144000
1447979347.788000 1447979357.816000 -0.108000
1447979364.097000 1447979374.119000 -0.072000
1447979381.367000 1447979391.387000 -0.036000
1447979399.008000 1447979409.037000 -0.000000
1447979416.525000 1447979426.545000 0.036000
1447979432.805000 1447979442.832000 0.072000
1447979449.149000 1447979459.168000 0.108000
1447979466.420000 1447979476.439000 0.144000
1447979483.085000 1447979493.107000 0.180000
1447979499.385000 1447979509.409000 0.216000
1447979515.694000 1447979525.716000 0.252000
1447979532.994000 1447979543.018000 0.288000
1447979549.285000 1447979559.304000 0.324000
1447979565.626000 1447979575.648000 0.360000
1447979582.951000 1447979592.982000 0.396000
1447979599.593000 1447979609.620000 0.432000
1447979616.192000 1447979626.213000 0.468000
1447979633.506000 1447979643.525000 0.504000
1447979649.802000 1447979659.834000 0.540000

1447979717.915000 1447979727.943000 -0.540000
1447979734.306000 1447979744.324000 -0.504000
1447979750.682000 1447979760.711000 -0.468000
1447979767.047000 1447979777.074000 -0.432000
1447979783.443000 1447979793.487000 -0.396000
1447979799.838000 1447979809.864000 -0.360000
1447979816.630000 1447979826.651000 -0.324000
1447979833.266000 1447979843.287000 -0.288000
1447979849.627000 1447979859.650000 -0.252000
1447979866.998000 1447979877.025000 -0.216000
1447979883.367000 1447979893.390000 -0.180000
1447979899.756000 1447979909.784000 -0.144000
1447979916.127000 1447979926.145000 -0.108000
1447979933.489000 1447979943.511000 -0.072000
1447979950.200000 1447979960.236000 -0.036000
1447979966.580000 1447979976.604000 -0.000000
1447979982.968000 1447979992.994000 0.036000
1447979999.348000 1447980009.367000 0.072000
1447980015.709000 1447980025.737000 0.108000
1447980032.094000 1447980042.111000 0.144000
1447980049.469000 1447980059.488000 0.180000
1447980065.837000 1447980075.862000 0.216000
1447980082.584000 1447980092.608000 0.252000
1447980098.943000 1447980108.969000 0.288000
1447980115.327000 1447980125.344000 0.324000
1447980131.675000 1447980141.706000 0.360000
1447980148.054000 1447980158.079000 0.396000
1447980165.427000 1447980175.456000 0.432000
1447980181.803000 1447980191.833000 0.468000
1447980199.499000 1447980209.523000 0.504000
1447980215.873000 1447980225.905000 0.540000

1447981655.166000 1447981685.237000 -0.686298
1447981696.789000 1447981726.871000 -0.629107
1447981738.468000 1447981768.537000 -0.571915
1447981779.919000 1447981810.014000 -0.514724
1447981821.285000 1447981851.361000 -0.457532
1447981862.758000 1447981892.838000 -0.400341
1447981904.484000 1447981934.558000 -0.343149
1447981945.896000 1447981975.997000 -0.285958
1447981987.347000 1447982017.423000 -0.228766
1447982028.789000 1447982058.893000 -0.171575
1447982070.232000 1447982100.299000 -0.114383
1447982111.953000 1447982142.048000 -0.057192
1447982153.738000 1447982183.825000 0.000000
1447982195.174000 1447982225.250000 0.057192
1447982236.579000 1447982266.650000 0.114383
1447982277.954000 1447982308.035000 0.171575
1447982319.727000 1447982349.822000 0.228766
1447982361.394000 1447982391.456000 0.285958
1447982402.736000 1447982432.827000 0.343149
1447982444.096000 1447982474.188000 0.400341
1447982484.530000 1447982514.596000 0.457532
1447982526.269000 1447982556.348000 0.514724
1447982568.097000 1447982598.162000 0.571915
1447982609.430000 1447982639.512000 0.629107
1447982650.861000 1447982680.953000 0.686298

1447982863.986000 1447982894.074000 -0.686298
1447982905.440000 1447982935.508000 -0.629107
1447982947.260000 1447982977.324000 -0.571915
1447982988.903000 1447983018.993000 -0.514724
1447983030.330000 1447983060.404000 -0.457532
1447983071.736000 1447983101.837000 -0.400341
1447983113.170000 1447983143.238000 -0.343149
1447983154.896000 1447983184.978000 -0.285958
1447983195.619000 1447983225.688000 -0.228766
1447983236.043000 1447983266.110000 -0.171575
1447983277.883000 1447983307.965000 -0.114383
1447983319.690000 1447983349.780000 -0.057192
1447983360.117000 1447983390.181000 0.000000
1447983401.512000 1447983431.584000 0.057192
1447983443.309000 1447983473.402000 0.114383
1447983485.020000 1447983515.090000 0.171575
1447983526.730000 1447983556.811000 0.228766
1447983568.472000 1447983598.531000 0.285958
1447983609.797000 1447983639.878000 0.343149
1447983651.234000 1447983681.294000 0.400341
1447983691.627000 1447983721.710000 0.457532
1447983733.312000 1447983763.380000 0.514724
1447983774.743000 1447983804.826000 0.571915
1447983816.170000 1447983846.232000 0.629107
1447983856.552000 1447983886.617000 0.686298

1447984119.534000 1447984149.597000 -0.686298
1447984160.957000 1447984191.047000 -0.629107
1447984202.654000 1447984232.733000 -0.571915
1447984244.454000 1447984274.515000 -0.514724
1447984286.234000 1447984316.306000 -0.457532
1447984327.653000 1447984357.730000 -0.400341
1447984369.091000 1447984399.153000 -0.343149
1447984410.510000 1447984440.570000 -0.285958
1447984451.929000 1447984482.006000 -0.228766
1447984493.588000 1447984523.660000 -0.171575
1447984535.310000 1447984565.373000 -0.114383
1447984576.718000 1447984606.800000 -0.057192
1447984618.074000 1447984648.143000 0.000000
1447984659.492000 1447984689.562000 0.057192
1447984700.919000 1447984731.017000 0.114383
1447984742.621000 1447984772.694000 0.171575
1447984784.389000 1447984814.451000 0.228766
1447984825.816000 1447984855.888000 0.285958
1447984867.226000 1447984897.304000 0.343149
1447984908.632000 1447984938.718000 0.400341
1447984950.061000 1447984980.128000 0.457532
1447984991.412000 1447985021.485000 0.514724
1447985033.165000 1447985063.229000 0.571915
1447985074.518000 1447985104.580000 0.629107
1447985115.924000 1447985146.016000 0.686298

1447985327.860000 1447985357.972000 -0.686298
1447985369.353000 1447985399.416000 -0.629107
1447985410.085000 1447985440.152000 -0.571915
1447985451.493000 1447985481.558000 -0.514724
1447985492.894000 1447985522.974000 -0.457532
1447985534.304000 1447985564.368000 -0.400341
1447985576.035000 1447985606.108000 -0.343149
1447985617.754000 1447985647.844000 -0.285958
1447985659.532000 1447985689.598000 -0.228766
1447985700.943000 1447985731.028000 -0.171575
1447985742.425000 1447985772.496000 -0.114383
1447985783.859000 1447985813.975000 -0.057192
1447985824.679000 1447985854.765000 0.000000
1447985866.090000 1447985896.152000 0.057192
1447985907.470000 1447985937.536000 0.114383
1447985948.881000 1447985978.963000 0.171575
1447985990.654000 1447986020.738000 0.228766
1447986032.389000 1447986062.458000 0.285958
1447986073.735000 1447986103.818000 0.343149
1447986115.171000 1447986145.240000 0.400341
1447986155.570000 1447986185.636000 0.457532
1447986197.244000 1447986227.311000 0.514724
1447986239.000000 1447986269.083000 0.571915
1447986280.387000 1447986310.449000 0.629107
1447986321.738000 1447986351.834000 0.686298

1447988524.332000 1447988569.424000 -0.457532
1447988581.022000 1447988626.112000 -0.400341
1447988637.465000 1447988682.578000 -0.343149
1447988694.291000 1447988739.383000 -0.285958
1447988750.737000 1447988795.875000 -0.228766
1447988807.229000 1447988852.350000 -0.171575
1447988864.059000 1447988909.158000 -0.114383
1447988920.500000 1447988965.602000 -0.057192
1447988976.934000 1447989022.053000 0.000000
1447989033.389000 1447989078.492000 0.057192
1447989089.837000 1447989134.967000 0.114383
1447989146.854000 1447989191.997000 0.171575
1447989203.356000 1447989248.489000 0.228766
1447989259.855000 1447989304.977000 0.285958
1447989316.938000 1447989362.060000 0.343149
1447989373.411000 1447989418.523000 0.400341
1447989429.820000 1447989474.949000 0.457532

1447989769.511000 1447989814.605000 -0.457532
1447989825.986000 1447989871.112000 -0.400341
1447989882.391000 1447989927.500000 -0.343149
1447989938.094000 1447989983.193000 -0.285958
1447989993.526000 1447990038.624000 -0.228766
1447990050.024000 1447990095.115000 -0.171575
1447990106.482000 1447990151.762000 -0.114383
1447990163.470000 1447990208.590000 -0.057192
1447990219.942000 1447990265.076000 0.000000
1447990276.820000 1447990321.947000 0.057192
1447990332.591000 1447990377.711000 0.114383
1447990388.075000 1447990433.162000 0.171575
1447990444.488000 1447990489.582000 0.228766
1447990500.924000 1447990546.050000 0.285958
1447990557.715000 1447990602.835000 0.343149
1447990614.146000 1447990659.228000 0.400341
1447990670.962000 1447990716.083000 0.457532
