I-AliCDBManager::SetDefaultStorage: Setting Default storage to: local://$ALICE_ROOT/OCDB
W-AliCDBManager::Get: Run number explicitly set in query: CDB cache temporarily disabled!
AliMpDCSNamer
   ManuId2PCBIndex  R:0.0508s C:0.0200s (9676 slices)
   ManuId2Sector  R:0.0333s C:0.0100s (7152 slices)
AliMpDetElement
   AddManu 
         R:0.8576s C:0.8800s (16828 slices)
        slat R:0.4115s C:0.4700s (9676 slices)
        st12 R:0.3050s C:0.3200s (7152 slices)
AliMpFastSegmentation
   AliMpFastSegmentation 
        AliMpSectorSegmentation R:0.0372s C:0.0400s (4 slices)
        AliMpSlatSegmentation R:0.0429s C:0.0500s (38 slices)
General
   timeMapping2 Load mapping R:1.9410s C:1.8600s (1 slices)
************************************
*    Row   * pI.fMemRe *     sname *
************************************
*        0 *        62 *         0 *
*        1 *       107 *         1 *
************************************
AliMpMotifMap
   GetMotifPosition  R:0.0658s C:0.0400s (7152 slices)
General
   ByIndices 
        HasPadByIndices-St12 R:0.1392s C:0.0700s (32 slices)
        HasPadByIndices-St345 R:0.1130s C:0.1600s (280 slices)
        PadByIndices-St12 R:0.2121s C:0.2600s (32 slices)
        PadByIndices-St345 R:0.1927s C:0.1800s (280 slices)
   ByLocation 
        HasPadByLocation-St12 R:0.0631s C:0.0500s (7152 slices)
        HasPadByLocation-St345 R:0.0834s C:0.0400s (9676 slices)
        PadByLocation-St12 R:0.1475s C:0.1200s (7152 slices)
        PadByLocation-St345 R:0.2035s C:0.1700s (9676 slices)
   ByPosition 
        PadByPosition-St12 R:3.2882s C:3.2800s (32 slices)
        PadByPosition-St345 R:0.6711s C:0.5700s (280 slices)
