1440517694.556 1440517705.071 -0.685530
1440517715.845 1440517726.070 -0.632790
1440517736.854 1440517747.051 -0.580050
1440517757.856 1440517768.053 -0.527310
1440517778.831 1440517789.050 -0.474570
1440517799.799 1440517810.109 -0.421830
1440517820.799 1440517831.047 -0.369090
1440517841.791 1440517852.047 -0.316350
1440517862.771 1440517873.067 -0.263610
1440517883.824 1440517894.047 -0.210870
1440517904.883 1440517915.050 -0.158130
1440517925.936 1440517936.049 -0.105390
1440517946.901 1440517957.051 -0.052650
1440517967.938 1440517978.052  0.000090
1440517989.461 1440517999.563  0.052830
1440518010.414 1440518020.545  0.105570
1440518033.124 1440518043.553  0.158310
1440518054.243 1440518064.552  0.211050
1440518075.198 1440518085.546  0.263790
1440518096.146 1440518106.552  0.316530
1440518117.100 1440518127.567  0.369270
1440518138.248 1440518148.549  0.422010
1440518159.224 1440518169.544  0.474750
1440518180.174 1440518190.551  0.527490
1440518201.189 1440518211.567  0.580230
1440518222.151 1440518232.551  0.632970
1440518243.154 1440518253.553  0.685710

1440518678.375 1440518688.549 -0.682520
1440518699.295 1440518709.556 -0.630020
1440518720.252 1440518730.554 -0.577520
1440518741.206 1440518751.577 -0.525020
1440518762.150 1440518772.555 -0.472520
1440518783.191 1440518793.551 -0.420020
1440518804.110 1440518814.558 -0.367520
1440518825.069 1440518835.559 -0.315020
1440518846.520 1440518857.050 -0.262520
1440518867.930 1440518878.044 -0.210020
1440518888.876 1440518899.058 -0.157520
1440518909.832 1440518920.053 -0.105020
1440518930.767 1440518941.062 -0.052520
1440518951.751 1440518962.058 -0.000020
1440518972.722 1440518983.057  0.052480
1440518993.677 1440519004.049  0.104980
1440519014.615 1440519025.051  0.157480
1440519035.720 1440519046.048  0.209980
1440519056.675 1440519067.058  0.262480
1440519077.635 1440519088.047  0.314980
1440519098.565 1440519109.059  0.367480
1440519120.030 1440519130.555  0.419980
1440519141.471 1440519151.569  0.472480
1440519162.597 1440519173.067  0.524980
1440519184.046 1440519194.553  0.577480
1440519205.499 1440519215.565  0.629980
1440519226.955 1440519237.044  0.682480

1440519961.557 1440519972.060 -0.685530
1440519981.015 1440519991.058 -0.658110
1440520000.484 1440520010.556 -0.630690
1440520019.989 1440520030.052 -0.603270
1440520039.423 1440520049.554 -0.575850
1440520058.873 1440520069.049 -0.548430
1440520078.425 1440520088.552 -0.521010
1440520097.864 1440520108.070 -0.493590
1440520117.311 1440520127.555 -0.466170
1440520136.785 1440520147.060 -0.438750
1440520156.249 1440520166.552 -0.411330
1440520175.755 1440520186.058 -0.383910
1440520195.226 1440520205.566 -0.356490
1440520214.691 1440520225.051 -0.329070
1440520233.665 1440520244.059 -0.301650
1440520252.629 1440520263.057 -0.274230
1440520271.546 1440520282.057 -0.246810
1440520290.988 1440520301.058 -0.219390
1440520310.446 1440520320.591 -0.191970
1440520329.889 1440520340.057 -0.164550
1440520349.350 1440520359.628 -0.137130
1440520368.835 1440520379.053 -0.109710
1440520388.268 1440520398.556 -0.082290
1440520407.747 1440520418.056 -0.054870
1440520427.208 1440520437.545 -0.027450
1440520446.146 1440520456.555 -0.000030
1440520465.139 1440520475.554  0.027390
1440520484.109 1440520494.554  0.054810
1440520503.057 1440520513.559  0.082230
1440520522.534 1440520533.068  0.109650
1440520542.041 1440520552.553  0.137070
1440520561.520 1440520572.049  0.164490
1440520581.528 1440520592.056  0.191910
1440520601.486 1440520611.553  0.219330
1440520621.003 1440520631.059  0.246750
1440520640.484 1440520650.556  0.274170
1440520659.928 1440520670.058  0.301590
1440520679.460 1440520689.551  0.329010
1440520698.932 1440520709.073  0.356430
1440520718.380 1440520728.552  0.383850
1440520737.881 1440520748.051  0.411270
1440520757.325 1440520767.553  0.438690
1440520776.806 1440520787.102  0.466110
1440520796.272 1440520806.551  0.493530
1440520815.785 1440520826.060  0.520950
1440520835.230 1440520845.546  0.548370
1440520854.196 1440520864.556  0.575790
1440520873.690 1440520884.066  0.603210
1440520892.656 1440520903.059  0.630630
1440520911.633 1440520922.057  0.658050
1440520930.612 1440520941.064  0.685470
1440520994.580 1440521005.056  0.000010

1440521242.885 1440521253.044 -0.682520
1440521262.449 1440521272.555 -0.655220
1440521281.989 1440521292.058 -0.627920
1440521301.535 1440521312.060 -0.600620
1440521320.979 1440521331.059 -0.573320
1440521340.429 1440521350.553 -0.546020
1440521359.914 1440521370.055 -0.518720
1440521379.329 1440521389.557 -0.491420
1440521398.768 1440521409.057 -0.464120
1440521418.228 1440521428.565 -0.436820
1440521437.158 1440521447.555 -0.409520
1440521456.104 1440521466.567 -0.382220
1440521475.048 1440521485.557 -0.354920
1440521494.485 1440521504.555 -0.327620
1440521513.955 1440521524.054 -0.300320
1440521533.438 1440521543.555 -0.273020
1440521552.903 1440521563.047 -0.245720
1440521572.352 1440521582.555 -0.218420
1440521591.807 1440521602.050 -0.191120
1440521611.241 1440521621.544 -0.163820
1440521630.681 1440521641.064 -0.136520
1440521649.622 1440521660.049 -0.109220
1440521668.553 1440521679.111 -0.081920
1440521688.490 1440521698.550 -0.054620
1440521707.929 1440521718.067 -0.027320
1440521727.352 1440521737.549 -0.000020
1440521746.818 1440521757.057  0.027280
1440521766.262 1440521776.559  0.054580
1440521785.706 1440521796.056  0.081880
1440521805.183 1440521815.556  0.109180
1440521824.112 1440521834.553  0.136480
1440521843.055 1440521853.551  0.163780
1440521862.466 1440521872.547  0.191080
1440521881.942 1440521892.057  0.218380
1440521901.416 1440521911.558  0.245680
1440521920.842 1440521931.059  0.272980
1440521940.283 1440521950.553  0.300280
1440521959.743 1440521970.072  0.327580
1440521979.190 1440521989.546  0.354880
1440521998.123 1440522008.619  0.382180
1440522017.589 1440522028.051  0.409480
1440522036.690 1440522047.053  0.436780
1440522055.598 1440522066.065  0.464080
1440522075.031 1440522085.557  0.491380
1440522094.491 1440522104.550  0.518680
1440522113.954 1440522124.061  0.545980
1440522133.410 1440522143.552  0.573280
1440522152.824 1440522163.052  0.600580
1440522172.256 1440522182.558  0.627880
1440522191.723 1440522202.073  0.655180
1440522211.168 1440522221.566  0.682480

1440525643.638 1440525654.050 -0.685530
1440525664.737 1440525675.050 -0.632790
1440525685.718 1440525696.054 -0.580050
1440525706.678 1440525717.054 -0.527310
1440525727.653 1440525738.053 -0.474570
1440525748.585 1440525759.054 -0.421830
1440525769.777 1440525780.043 -0.369090
1440525790.717 1440525801.055 -0.316350
1440525811.670 1440525822.051 -0.263610
1440525832.629 1440525843.045 -0.210870
1440525853.570 1440525864.044 -0.158130
1440525875.054 1440525885.552 -0.105390
1440525896.514 1440525906.561 -0.052650
1440525917.982 1440525928.054  0.000090
1440525939.497 1440525949.556  0.052830
1440525960.957 1440525971.044  0.105570
1440525981.925 1440525992.048  0.158310
1440526002.884 1440526013.058  0.211050
1440526023.890 1440526034.046  0.263790
1440526044.874 1440526055.063  0.316530
1440526065.917 1440526076.056  0.369270
1440526086.857 1440526097.054  0.422010
1440526107.922 1440526118.055  0.474750
1440526129.417 1440526139.549  0.527490
1440526150.380 1440526160.575  0.580230
1440526171.314 1440526181.565  0.632970
1440526192.256 1440526202.554  0.685710

1440526375.989 1440526386.051 -0.682520
1440526397.470 1440526407.551 -0.630020
1440526418.396 1440526428.553 -0.577520
1440526439.365 1440526449.579 -0.525020
1440526460.374 1440526470.561 -0.472520
1440526481.321 1440526491.554 -0.420020
1440526502.278 1440526512.555 -0.367520
1440526523.257 1440526533.555 -0.315020
1440526544.209 1440526554.572 -0.262520
1440526565.250 1440526575.554 -0.210020
1440526586.182 1440526596.559 -0.157520
1440526607.090 1440526617.557 -0.105020
1440526628.508 1440526638.576 -0.052520
1440526649.948 1440526660.046 -0.000020
1440526671.410 1440526681.558  0.052480
1440526692.385 1440526702.574  0.104980
1440526713.846 1440526724.055  0.157480
1440526734.785 1440526745.055  0.209980
1440526755.727 1440526766.057  0.262480
1440526776.672 1440526787.051  0.314980
1440526797.600 1440526808.045  0.367480
1440526819.009 1440526829.051  0.419980
1440526840.455 1440526850.547  0.472480
1440526861.923 1440526872.056  0.524980
1440526883.350 1440526893.546  0.577480
1440526904.788 1440526915.047  0.629980
1440526926.273 1440526936.552  0.682480

1440527281.723 1440527292.062 -0.685530
1440527301.270 1440527311.556 -0.658110
1440527320.750 1440527331.112 -0.630690
1440527340.244 1440527350.558 -0.603270
1440527359.702 1440527370.067 -0.575850
1440527379.186 1440527389.556 -0.548430
1440527398.678 1440527409.072 -0.521010
1440527417.666 1440527428.062 -0.493590
1440527436.652 1440527447.064 -0.466170
1440527455.625 1440527466.050 -0.438750
1440527474.583 1440527485.061 -0.411330
1440527493.570 1440527504.064 -0.383910
1440527512.540 1440527523.047 -0.356490
1440527532.097 1440527542.548 -0.329070
1440527551.089 1440527561.550 -0.301650
1440527570.117 1440527580.548 -0.274230
1440527589.096 1440527599.537 -0.246810
1440527608.055 1440527618.557 -0.219390
1440527627.514 1440527638.041 -0.191970
1440527646.949 1440527657.037 -0.164550
1440527666.434 1440527676.538 -0.137130
1440527685.901 1440527696.040 -0.109710
1440527705.367 1440527715.536 -0.082290
1440527724.835 1440527735.032 -0.054870
1440527744.317 1440527754.524 -0.027450
1440527763.794 1440527774.044 -0.000030
1440527783.264 1440527793.535  0.027390
1440527802.747 1440527813.034  0.054810
1440527822.199 1440527832.525  0.082230
1440527841.691 1440527852.030  0.109650
1440527860.637 1440527871.019  0.137070
1440527879.596 1440527890.012  0.164490
1440527898.557 1440527909.019  0.191910
1440527917.509 1440527928.023  0.219330
1440527936.977 1440527947.020  0.246750
1440527956.449 1440527966.515  0.274170
1440527975.920 1440527986.029  0.301590
1440527995.393 1440528005.517  0.329010
1440528014.871 1440528025.009  0.356430
1440528034.320 1440528044.507  0.383850
1440528053.791 1440528064.005  0.411270
1440528073.254 1440528083.513  0.438690
1440528092.718 1440528103.011  0.466110
1440528112.184 1440528122.504  0.493530
1440528131.640 1440528142.008  0.520950
1440528150.596 1440528161.007  0.548370
1440528169.575 1440528180.010  0.575790
1440528188.558 1440528198.997  0.603210
1440528207.515 1440528217.995  0.630630
1440528226.564 1440528237.006  0.658050
1440528245.580 1440528256.023  0.685470

1440528396.874 1440528407.016 -0.682520
1440528416.325 1440528426.513 -0.655220
1440528435.786 1440528446.011 -0.627920
1440528455.262 1440528465.517 -0.600620
1440528474.731 1440528485.021 -0.573320
1440528494.207 1440528504.505 -0.546020
1440528513.693 1440528524.002 -0.518720
1440528532.626 1440528543.017 -0.491420
1440528551.591 1440528562.036 -0.464120
1440528570.551 1440528581.025 -0.436820
1440528589.992 1440528600.516 -0.409520
1440528609.429 1440528619.529 -0.382220
1440528628.874 1440528639.021 -0.354920
1440528648.330 1440528658.521 -0.327620
1440528667.770 1440528678.015 -0.300320
1440528687.234 1440528697.519 -0.273020
1440528706.714 1440528717.027 -0.245720
1440528725.633 1440528736.016 -0.218420
1440528744.598 1440528755.043 -0.191120
1440528763.532 1440528774.015 -0.163820
1440528783.063 1440528793.519 -0.136520
1440528802.029 1440528812.524 -0.109220
1440528821.016 1440528831.520 -0.081920
1440528840.141 1440528850.518 -0.054620
1440528859.088 1440528869.524 -0.027320
1440528878.073 1440528888.528 -0.000020
1440528897.023 1440528907.525  0.027280
1440528916.496 1440528927.026  0.054580
1440528936.085 1440528946.525  0.081880
1440528955.720 1440528966.040  0.109180
1440528975.139 1440528985.527  0.136480
1440528994.118 1440529004.530  0.163780
1440529013.054 1440529023.525  0.191080
1440529032.525 1440529043.029  0.218380
1440529052.008 1440529062.527  0.245680
1440529071.464 1440529081.532  0.272980
1440529090.931 1440529101.028  0.300280
1440529110.442 1440529120.532  0.327580
1440529129.915 1440529140.038  0.354880
1440529149.458 1440529159.530  0.382180
1440529168.900 1440529179.031  0.409480
1440529188.339 1440529198.532  0.436780
1440529207.785 1440529218.042  0.464080
1440529227.222 1440529237.529  0.491380
1440529246.710 1440529257.034  0.518680
1440529266.182 1440529276.525  0.545980
1440529285.600 1440529296.032  0.573280
1440529305.041 1440529315.540  0.600580
1440529324.492 1440529334.533  0.627880
1440529343.973 1440529354.052  0.655180
1440529363.425 1440529373.539  0.682480

1440534260.413 1440534290.556 -0.606310
1440534309.070 1440534339.555 -0.555790
1440534358.151 1440534388.561 -0.505270
1440534407.186 1440534437.569 -0.454750
1440534456.274 1440534486.557 -0.404230
1440534505.296 1440534535.548 -0.353710
1440534554.315 1440534584.552 -0.303190
1440534603.447 1440534633.558 -0.252670
1440534652.456 1440534682.552 -0.202150
1440534701.533 1440534732.050 -0.151630
1440534750.083 1440534780.558 -0.101110
1440534799.217 1440534829.556 -0.050590
1440534848.258 1440534878.564 -0.000070
1440534897.295 1440534927.551  0.050450
1440534946.307 1440534976.566  0.100970
1440534995.418 1440535025.545  0.151490
1440535044.475 1440535074.549  0.202010
1440535092.990 1440535123.107  0.252530
1440535142.011 1440535172.116  0.303050
1440535190.562 1440535221.127  0.353570
1440535239.652 1440535270.052  0.404090
1440535288.690 1440535319.041  0.454610
1440535337.791 1440535368.051  0.505130
1440535386.816 1440535417.070  0.555650
1440535435.858 1440535466.057  0.606170

1440535789.249 1440535819.554 -0.607340
1440535838.366 1440535868.556 -0.556720
1440535887.388 1440535917.558 -0.506100
1440535936.455 1440535966.554 -0.455480
1440535985.537 1440536016.057 -0.404860
1440536034.044 1440536064.551 -0.354240
1440536082.569 1440536113.051 -0.303620
1440536131.063 1440536161.541 -0.253000
1440536179.547 1440536210.118 -0.202380
1440536228.148 1440536258.557 -0.151760
1440536276.649 1440536307.050 -0.101140
1440536325.160 1440536355.550 -0.050520
1440536373.643 1440536404.054  0.000100
1440536423.002 1440536453.051  0.050720
1440536471.068 1440536501.555  0.101340
1440536519.646 1440536550.042  0.151960
1440536568.133 1440536598.557  0.202580
1440536617.285 1440536647.555  0.253200
1440536666.313 1440536696.552  0.303820
1440536715.332 1440536745.566  0.354440
1440536764.428 1440536794.552  0.405060
1440536813.453 1440536843.552  0.455680
1440536862.508 1440536892.552  0.506300
1440536910.992 1440536941.071  0.556920
1440536959.047 1440536989.554  0.607540

1440537438.189 1440537468.553 -0.606310
1440537487.255 1440537517.557 -0.555790
1440537536.291 1440537566.558 -0.505270
1440537585.314 1440537615.568 -0.454750
1440537634.097 1440537664.555 -0.404230
1440537682.634 1440537713.056 -0.353710
1440537731.659 1440537762.052 -0.303190
1440537780.682 1440537811.049 -0.252670
1440537829.820 1440537860.059 -0.202150
1440537878.858 1440537909.057 -0.151630
1440537927.877 1440537958.042 -0.101110
1440537976.916 1440538007.065 -0.050590
1440538025.960 1440538056.057 -0.000070
1440538074.974 1440538105.068  0.050450
1440538124.041 1440538154.551  0.100970
1440538173.029 1440538203.564  0.151490
1440538222.030 1440538252.552  0.202010
1440538270.570 1440538301.053  0.252530
1440538319.066 1440538349.553  0.303050
1440538368.169 1440538398.549  0.353570
1440538417.188 1440538447.547  0.404090
1440538466.309 1440538496.555  0.454610
1440538515.411 1440538545.552  0.505130
1440538564.431 1440538594.558  0.555650
1440538613.494 1440538643.555  0.606170

1440538946.974 1440538977.057 -0.607340
1440538995.526 1440539025.557 -0.556720
1440539044.016 1440539074.055 -0.506100
1440539092.485 1440539122.556 -0.455480
1440539141.222 1440539171.566 -0.404860
1440539190.247 1440539220.556 -0.354240
1440539239.250 1440539269.564 -0.303620
1440539288.248 1440539318.556 -0.253000
1440539337.274 1440539367.557 -0.202380
1440539386.830 1440539417.050 -0.151760
1440539435.836 1440539466.058 -0.101140
1440539484.879 1440539515.045 -0.050520
1440539533.936 1440539564.061  0.000100
1440539582.958 1440539613.053  0.050720
1440539631.517 1440539661.558  0.101340
1440539680.052 1440539710.550  0.151960
1440539728.613 1440539759.056  0.202580
1440539777.116 1440539807.544  0.253200
1440539825.610 1440539856.059  0.303820
1440539874.634 1440539905.056  0.354440
1440539923.660 1440539954.070  0.405060
1440539972.916 1440540003.049  0.455680
1440540021.914 1440540052.052  0.506300
1440540070.900 1440540101.056  0.556920
1440540119.936 1440540150.054  0.607540

1440543594.442 1440543639.552 -0.505260
1440543658.008 1440543703.054 -0.454740
1440543721.543 1440543767.056 -0.404220
1440543785.092 1440543830.546 -0.353700
1440543849.187 1440543894.549 -0.303180
1440543913.243 1440543958.543 -0.252660
1440543977.340 1440544022.552 -0.202140
1440544041.410 1440544086.553 -0.151620
1440544105.046 1440544150.531 -0.101100
1440544169.080 1440544214.536 -0.050580
1440544233.161 1440544278.528 -0.000060
1440544297.266 1440544342.518  0.050460
1440544361.339 1440544406.521  0.100980
1440544425.460 1440544470.515  0.151500
1440544488.541 1440544534.007  0.202020
1440544552.609 1440544597.994  0.252540
1440544616.704 1440544661.992  0.303060
1440544680.779 1440544725.997  0.353580
1440544744.859 1440544789.997  0.404100
1440544808.934 1440544853.991  0.454620
1440544872.770 1440544917.981  0.505140
1440544977.386 1440545022.510  0.505140
1440544977.386 1440545222.864  0.505140

1440545576.477 1440545622.004 -0.506130
1440545640.011 1440545685.508 -0.455510
1440545703.577 1440545749.010 -0.404890
1440545767.777 1440545813.014 -0.354270
1440545831.866 1440545877.015 -0.303650
1440545895.964 1440545941.016 -0.253030
1440545959.010 1440546004.521 -0.202410
1440546022.662 1440546068.020 -0.151790
1440546086.791 1440546132.021 -0.101170
1440546150.929 1440546196.038 -0.050550
1440546214.496 1440546260.027  0.000070
1440546278.045 1440546323.539  0.050690
1440546341.630 1440546387.032  0.101310
1440546405.753 1440546451.045  0.151930
1440546469.810 1440546515.034  0.202550
1440546533.900 1440546579.037  0.253170
1440546597.480 1440546642.554  0.303790
1440546660.610 1440546706.037  0.354410
1440546724.693 1440546770.037  0.405030
1440546788.823 1440546834.036  0.455650
1440546852.879 1440546898.038  0.506270

1440548097.379 1440548127.550 -0.610260
1440548143.969 1440548174.057 -0.559400
1440548190.549 1440548221.072 -0.508540
1440548237.113 1440548267.556 -0.457680
1440548283.116 1440548313.568 -0.406820
1440548329.118 1440548359.560 -0.355960
1440548375.095 1440548405.553 -0.305100
1440548421.108 1440548451.554 -0.254240
1440548467.246 1440548497.554 -0.203380
1440548513.252 1440548543.543 -0.152520
1440548559.286 1440548589.620 -0.101660
1440548605.406 1440548635.555 -0.050800
1440548651.999 1440548682.050  0.000060
1440548698.029 1440548728.552  0.050920
1440548744.532 1440548775.058  0.101780
1440548791.029 1440548821.568  0.152640
1440548837.043 1440548867.556  0.203500
1440548883.298 1440548913.556  0.254360
1440548929.328 1440548959.556  0.305220
1440548976.969 1440549007.045  0.356080
1440549023.012 1440549053.052  0.406940
1440549068.552 1440549099.063  0.457800
1440549114.581 1440549145.055  0.508660
1440549160.581 1440549191.061  0.559520
1440549206.582 1440549237.044  0.610380

1440549574.479 1440549604.557 -0.612680
1440549620.529 1440549651.046 -0.561620
1440549666.608 1440549697.055 -0.510560
1440549712.672 1440549743.058 -0.459500
1440549759.276 1440549789.546 -0.408440
1440549805.807 1440549836.132 -0.357380
1440549852.362 1440549882.549 -0.306320
1440549898.895 1440549929.050 -0.255260
1440549945.435 1440549975.555 -0.204200
1440549991.541 1440550022.115 -0.153140
1440550037.562 1440550068.070 -0.102080
1440550083.589 1440550114.048 -0.051020
1440550129.589 1440550160.047  0.000040
1440550175.650 1440550206.055  0.051100
1440550221.757 1440550252.052  0.102160
1440550268.402 1440550298.556  0.153220
1440550315.025 1440550345.553  0.204280
1440550361.059 1440550391.548  0.255340
1440550407.085 1440550437.549  0.306400
1440550453.119 1440550483.553  0.357460
1440550499.183 1440550529.555  0.408520
1440550545.752 1440550576.050  0.459580
1440550592.326 1440550622.554  0.510640
1440550638.891 1440550669.046  0.561700
1440550685.451 1440550715.555  0.612760
