  *******************************************
  *                                         *
  *        W E L C O M E  to  R O O T       *
  *                                         *
  *   Version   3.00/06     15 March 2001   *
  *                                         *
  *  You are welcome to visit our Web site  *
  *          http://root.cern.ch            *
  *                                         *
  *******************************************

CINT/ROOT C/C++ Interpreter version 5.14.79, Feb 24 2001
Type ? for help. Commands must be C++ statements.
Enclose multiple statements between { }.


 --- Welcome to the ROOT general session --- 

 *** Start at Date : 06-jun-2001 Time : 14:39:24 ***


Processing evtwrite.cc...

 === Going for event number : 1

 *AliEvent::Info* Run : 12345 Event : 1 Date : 06-jun-2001 Time : 14:39:24
 *AliVertex::Info* Invmass : 0 Charge : 0 Momentum : 0 Ntracks : 0 Nvertices : 0
  Contravariant vector in car coordinates : 0 0 0 0
 ------------- Errors in car coordinates : 0 0 0 0
 --- Lorentz invariant (v^i*v_i) : 0 error : 0
  Position Vector in car coordinates : 0 0 0
   Err. in car coordinates : 0 0 0

 === Going for event number : 2

 Event : 2
 *AliEvent::Info* Run : 12345 Event : 2 Date : 06-jun-2001 Time : 14:39:25
 *AliVertex::Info* Invmass : 9.02642 Charge : 22 Momentum : 1 Ntracks : 5 Nvertices : 1
  Contravariant vector in car coordinates : 9.08164 1.13204e-016 4.67063e-017 -1
 ------------- Errors in car coordinates : 0 0 0 0
 --- Lorentz invariant (v^i*v_i) : 81.4762 error : 0
  Position Vector in car coordinates : 0.01 0.02 0.03
   Err. in car coordinates : 0 0 0
  ---Track no. 1
  *AliTrack::Info* Mass : 0.135 error : 0 Charge : 1 Momentum : 1 Nmass hyp. : 0 Ntracks : 0 Nsignals : 0
 Contravariant vector in car coordinates : 1.00907 0 0 1
 ------------- Errors in car coordinates : 0 0 0 0
 --- Lorentz invariant (v^i*v_i) : 0.018225 error : 0
 Begin-point : Vector in car coordinates : 0 0 0
   Err. in car coordinates : 0 0 0
 End-point   : Vector in car coordinates : 0 0 0
   Err. in car coordinates : 0 0 0
  ---Track no. 2
  *AliTrack::Info* Mass : 0.135 error : 0 Charge : 2 Momentum : 1 Nmass hyp. : 0 Ntracks : 0 Nsignals : 0
 Contravariant vector in car coordinates : 1.00907 1.22461e-016 0 -1
 ------------- Errors in car coordinates : 0 0 0 0
 --- Lorentz invariant (v^i*v_i) : 0.018225 error : 0
 Begin-point : Vector in car coordinates : 0 0 0
   Err. in car coordinates : 0 0 0
 End-point   : Vector in car coordinates : 0 0 0
   Err. in car coordinates : 0 0 0
  ---Track no. 3
  *AliTrack::Info* Mass : 0.135 error : 0 Charge : 3 Momentum : 1 Nmass hyp. : 0 Ntracks : 2 Nsignals : 0
 Contravariant vector in car coordinates : 1.00907 1 0 6.12303e-017
 ------------- Errors in car coordinates : 0 0 0 0
 --- Lorentz invariant (v^i*v_i) : 0.018225 error : 0
 Begin-point : Vector in car coordinates : 0 0 0
   Err. in car coordinates : 0 0 0
 End-point   : Vector in car coordinates : 0 0 0
   Err. in car coordinates : 0 0 0
  ---Level 1 sec. track no. 1
 *AliTrack::Info* Mass : 0.01 error : 0 Charge : 0 Momentum : 0.49613 Nmass hyp. : 0 Ntracks : 2 Nsignals : 0
 Contravariant vector in car coordinates : 0.496231 0.49177 0 0.0656314
 ------------- Errors in car coordinates : 0 0 0 0
 --- Lorentz invariant (v^i*v_i) : 0.0001 error : 0
  ---Level 2 sec. track no. 1
 *AliTrack::Info* Mass : 0.001 error : 0 Charge : 0 Momentum : 0.271817 Nmass hyp. : 0 Ntracks : 0 Nsignals : 0
 Contravariant vector in car coordinates : 0.271819 0.268766 0 0.0406152
 ------------- Errors in car coordinates : 0 0 0 0
 --- Lorentz invariant (v^i*v_i) : 1e-006 error : 0
  ---Level 2 sec. track no. 2
 *AliTrack::Info* Mass : 0.002 error : 0 Charge : 0 Momentum : 0.224403 Nmass hyp. : 0 Ntracks : 0 Nsignals : 0
 Contravariant vector in car coordinates : 0.224411 0.223004 0 0.0250162
 ------------- Errors in car coordinates : 0 0 0 0
 --- Lorentz invariant (v^i*v_i) : 4e-006 error : 0
  ---Level 1 sec. track no. 2
 *AliTrack::Info* Mass : 0.02 error : 0 Charge : 0 Momentum : 0.512451 Nmass hyp. : 0 Ntracks : 2 Nsignals : 0
 Contravariant vector in car coordinates : 0.512841 0.50823 0 -0.0656314
 ------------- Errors in car coordinates : 0 0 0 0
 --- Lorentz invariant (v^i*v_i) : 0.0004 error : 0
  ---Level 2 sec. track no. 1
 *AliTrack::Info* Mass : 0.001 error : 0 Charge : 0 Momentum : 0.222091 Nmass hyp. : 0 Ntracks : 0 Nsignals : 0
 Contravariant vector in car coordinates : 0.222093 0.221302 0 -0.0187038
 ------------- Errors in car coordinates : 0 0 0 0
 --- Lorentz invariant (v^i*v_i) : 1e-006 error : 0
  ---Level 2 sec. track no. 2
 *AliTrack::Info* Mass : 0.002 error : 0 Charge : 0 Momentum : 0.290741 Nmass hyp. : 0 Ntracks : 0 Nsignals : 0
 Contravariant vector in car coordinates : 0.290747 0.286928 0 -0.0469276
 ------------- Errors in car coordinates : 0 0 0 0
 --- Lorentz invariant (v^i*v_i) : 4e-006 error : 0
  ---Track no. 4
  *AliTrack::Info* Mass : 0.135 error : 0 Charge : 4 Momentum : 1 Nmass hyp. : 0 Ntracks : 0 Nsignals : 0
 Contravariant vector in car coordinates : 1.00907 -1 1.22461e-016 6.12303e-017
 ------------- Errors in car coordinates : 0 0 0 0
 --- Lorentz invariant (v^i*v_i) : 0.018225 error : 0
 Begin-point : Vector in car coordinates : 0 0 0
   Err. in car coordinates : 0 0 0
 End-point   : Vector in car coordinates : 0 0 0
   Err. in car coordinates : 0 0 0
  ---Track no. 5
  *AliTrack::Info* Mass : 4.94526 error : 0 Charge : 12 Momentum : 1 Nmass hyp. : 0 Ntracks : 0 Nsignals : 0
 Contravariant vector in car coordinates : 5.04536 1.20968e-016 1.90616e-017 -1
 ------------- Errors in car coordinates : 0 0 0 0
 --- Lorentz invariant (v^i*v_i) : 24.4556 error : 0
 Begin-point : Vector in car coordinates : 0.01 0.02 0.03
   Err. in car coordinates : 0 0 0
 End-point   : Vector in car coordinates : 11 12 13
   Err. in car coordinates : 0 0 0
  ---Level 1 sec. vertex no. 1
  *AliVertex::Info* Invmass : 4.94526 Charge : 12 Momentum : 1 Ntracks : 4 Nvertices : 1
  Contravariant vector in car coordinates : 5.04536 1.20968e-016 1.90616e-017 -1
 ------------- Errors in car coordinates : 0 0 0 0
 --- Lorentz invariant (v^i*v_i) : 24.4556 error : 0
  Position Vector in car coordinates : 11 12 13
   Err. in car coordinates : 0 0 0
  ---Track no. 1
  *AliTrack::Info* Mass : 0.135 error : 0 Charge : 1 Momentum : 1 Nmass hyp. : 0 Ntracks : 0 Nsignals : 0
 Contravariant vector in car coordinates : 1.00907 0 0 1
 ------------- Errors in car coordinates : 0 0 0 0
 --- Lorentz invariant (v^i*v_i) : 0.018225 error : 0
 Begin-point : Vector in car coordinates : 0 0 0
   Err. in car coordinates : 0 0 0
 End-point   : Vector in car coordinates : 0 0 0
   Err. in car coordinates : 0 0 0
  ---Track no. 2
  *AliTrack::Info* Mass : 0.135 error : 0 Charge : 2 Momentum : 1 Nmass hyp. : 0 Ntracks : 0 Nsignals : 0
 Contravariant vector in car coordinates : 1.00907 1.22461e-016 0 -1
 ------------- Errors in car coordinates : 0 0 0 0
 --- Lorentz invariant (v^i*v_i) : 0.018225 error : 0
 Begin-point : Vector in car coordinates : 0 0 0
   Err. in car coordinates : 0 0 0
 End-point   : Vector in car coordinates : 0 0 0
   Err. in car coordinates : 0 0 0
  ---Track no. 3
  *AliTrack::Info* Mass : 0.135 error : 0 Charge : 4 Momentum : 1 Nmass hyp. : 0 Ntracks : 0 Nsignals : 0
 Contravariant vector in car coordinates : 1.00907 -1 1.22461e-016 6.12303e-017
 ------------- Errors in car coordinates : 0 0 0 0
 --- Lorentz invariant (v^i*v_i) : 0.018225 error : 0
 Begin-point : Vector in car coordinates : 0 0 0
   Err. in car coordinates : 0 0 0
 End-point   : Vector in car coordinates : 0 0 0
   Err. in car coordinates : 0 0 0
  ---Track no. 4
  *AliTrack::Info* Mass : 1.43976 error : 0 Charge : 5 Momentum : 1.41421 Nmass hyp. : 0 Ntracks : 0 Nsignals : 0
 Contravariant vector in car coordinates : 2.01814 1 0 -1
 ------------- Errors in car coordinates : 0 0 0 0
 --- Lorentz invariant (v^i*v_i) : 2.0729 error : 0
 Begin-point : Vector in car coordinates : 11 12 13
   Err. in car coordinates : 0 0 0
 End-point   : Vector in car coordinates : 21 22 23
   Err. in car coordinates : 0 0 0
  ---Level 2 sec. vertex no. 1
  *AliVertex::Info* Invmass : 1.43976 Charge : 5 Momentum : 1.41421 Ntracks : 2 Nvertices : 0
  Contravariant vector in car coordinates : 2.01814 1 0 -1
 ------------- Errors in car coordinates : 0 0 0 0
 --- Lorentz invariant (v^i*v_i) : 2.0729 error : 0
  Position Vector in car coordinates : 21 22 23
   Err. in car coordinates : 0 0 0
  ---Track no. 1
  *AliTrack::Info* Mass : 0.135 error : 0 Charge : 2 Momentum : 1 Nmass hyp. : 0 Ntracks : 0 Nsignals : 0
 Contravariant vector in car coordinates : 1.00907 1.22461e-016 0 -1
 ------------- Errors in car coordinates : 0 0 0 0
 --- Lorentz invariant (v^i*v_i) : 0.018225 error : 0
 Begin-point : Vector in car coordinates : 0 0 0
   Err. in car coordinates : 0 0 0
 End-point   : Vector in car coordinates : 0 0 0
   Err. in car coordinates : 0 0 0
  ---Track no. 2
  *AliTrack::Info* Mass : 0.135 error : 0 Charge : 3 Momentum : 1 Nmass hyp. : 0 Ntracks : 2 Nsignals : 0
 Contravariant vector in car coordinates : 1.00907 1 0 6.12303e-017
 ------------- Errors in car coordinates : 0 0 0 0
 --- Lorentz invariant (v^i*v_i) : 0.018225 error : 0
 Begin-point : Vector in car coordinates : 0 0 0
   Err. in car coordinates : 0 0 0
 End-point   : Vector in car coordinates : 0 0 0
   Err. in car coordinates : 0 0 0
  ---Level 1 sec. track no. 1
 *AliTrack::Info* Mass : 0.01 error : 0 Charge : 0 Momentum : 0.49613 Nmass hyp. : 0 Ntracks : 2 Nsignals : 0
 Contravariant vector in car coordinates : 0.496231 0.49177 0 0.0656314
 ------------- Errors in car coordinates : 0 0 0 0
 --- Lorentz invariant (v^i*v_i) : 0.0001 error : 0
  ---Level 2 sec. track no. 1
 *AliTrack::Info* Mass : 0.001 error : 0 Charge : 0 Momentum : 0.271817 Nmass hyp. : 0 Ntracks : 0 Nsignals : 0
 Contravariant vector in car coordinates : 0.271819 0.268766 0 0.0406152
 ------------- Errors in car coordinates : 0 0 0 0
 --- Lorentz invariant (v^i*v_i) : 1e-006 error : 0
  ---Level 2 sec. track no. 2
 *AliTrack::Info* Mass : 0.002 error : 0 Charge : 0 Momentum : 0.224403 Nmass hyp. : 0 Ntracks : 0 Nsignals : 0
 Contravariant vector in car coordinates : 0.224411 0.223004 0 0.0250162
 ------------- Errors in car coordinates : 0 0 0 0
 --- Lorentz invariant (v^i*v_i) : 4e-006 error : 0
  ---Level 1 sec. track no. 2
 *AliTrack::Info* Mass : 0.02 error : 0 Charge : 0 Momentum : 0.512451 Nmass hyp. : 0 Ntracks : 2 Nsignals : 0
 Contravariant vector in car coordinates : 0.512841 0.50823 0 -0.0656314
 ------------- Errors in car coordinates : 0 0 0 0
 --- Lorentz invariant (v^i*v_i) : 0.0004 error : 0
  ---Level 2 sec. track no. 1
 *AliTrack::Info* Mass : 0.001 error : 0 Charge : 0 Momentum : 0.222091 Nmass hyp. : 0 Ntracks : 0 Nsignals : 0
 Contravariant vector in car coordinates : 0.222093 0.221302 0 -0.0187038
 ------------- Errors in car coordinates : 0 0 0 0
 --- Lorentz invariant (v^i*v_i) : 1e-006 error : 0
  ---Level 2 sec. track no. 2
 *AliTrack::Info* Mass : 0.002 error : 0 Charge : 0 Momentum : 0.290741 Nmass hyp. : 0 Ntracks : 0 Nsignals : 0
 Contravariant vector in car coordinates : 0.290747 0.286928 0 -0.0469276
 ------------- Errors in car coordinates : 0 0 0 0
 --- Lorentz invariant (v^i*v_i) : 4e-006 error : 0

 === Going for event number : 3

 Event : 3
 *AliEvent::Info* Run : 12345 Event : 3 Date : 06-jun-2001 Time : 14:39:25
 *AliVertex::Info* Invmass : 17.125 Charge : 42 Momentum : 1 Ntracks : 7 Nvertices : 3
  Contravariant vector in car coordinates : 17.1542 1.09926e-016 5.39705e-017 -1
 ------------- Errors in car coordinates : 0 0 0 0
 --- Lorentz invariant (v^i*v_i) : 293.267 error : 0
  Position Vector in car coordinates : 0.01 0.02 0.03
   Err. in car coordinates : 0 0 0
  ---Track no. 1
  *AliTrack::Info* Mass : 0.135 error : 0 Charge : 1 Momentum : 1 Nmass hyp. : 0 Ntracks : 0 Nsignals : 0
 Contravariant vector in car coordinates : 1.00907 0 0 1
 ------------- Errors in car coordinates : 0 0 0 0
 --- Lorentz invariant (v^i*v_i) : 0.018225 error : 0
 Begin-point : Vector in car coordinates : 0 0 0
   Err. in car coordinates : 0 0 0
 End-point   : Vector in car coordinates : 0 0 0
   Err. in car coordinates : 0 0 0
  ---Track no. 2
  *AliTrack::Info* Mass : 0.135 error : 0 Charge : 2 Momentum : 1 Nmass hyp. : 0 Ntracks : 0 Nsignals : 0
 Contravariant vector in car coordinates : 1.00907 1.22461e-016 0 -1
 ------------- Errors in car coordinates : 0 0 0 0
 --- Lorentz invariant (v^i*v_i) : 0.018225 error : 0
 Begin-point : Vector in car coordinates : 0 0 0
   Err. in car coordinates : 0 0 0
 End-point   : Vector in car coordinates : 0 0 0
   Err. in car coordinates : 0 0 0
  ---Track no. 3
  *AliTrack::Info* Mass : 0.135 error : 0 Charge : 3 Momentum : 1 Nmass hyp. : 0 Ntracks : 0 Nsignals : 0
 Contravariant vector in car coordinates : 1.00907 1 0 6.12303e-017
 ------------- Errors in car coordinates : 0 0 0 0
 --- Lorentz invariant (v^i*v_i) : 0.018225 error : 0
 Begin-point : Vector in car coordinates : 0 0 0
   Err. in car coordinates : 0 0 0
 End-point   : Vector in car coordinates : 0 0 0
   Err. in car coordinates : 0 0 0
  ---Track no. 4
  *AliTrack::Info* Mass : 0.135 error : 0 Charge : 4 Momentum : 1 Nmass hyp. : 0 Ntracks : 0 Nsignals : 0
 Contravariant vector in car coordinates : 1.00907 -1 1.22461e-016 6.12303e-017
 ------------- Errors in car coordinates : 0 0 0 0
 --- Lorentz invariant (v^i*v_i) : 0.018225 error : 0
 Begin-point : Vector in car coordinates : 0 0 0
   Err. in car coordinates : 0 0 0
 End-point   : Vector in car coordinates : 0 0 0
   Err. in car coordinates : 0 0 0
  ---Track no. 5
  *AliTrack::Info* Mass : 4.03629 error : 0 Charge : 10 Momentum : 2.81597e-016 Nmass hyp. : 0 Ntracks : 0 Nsignals : 0
 Contravariant vector in car coordinates : 4.03629 2.22045e-016 1.22461e-016 1.22461e-016
 ------------- Errors in car coordinates : 0 0 0 0
 --- Lorentz invariant (v^i*v_i) : 16.2916 error : 0
 Begin-point : Vector in car coordinates : 0.01 0.02 0.03
   Err. in car coordinates : 0 0 0
 End-point   : Vector in car coordinates : 1 2 3
   Err. in car coordinates : 0 0 0
  ---Track no. 6
  *AliTrack::Info* Mass : 4.03629 error : 0 Charge : 10 Momentum : 2.81597e-016 Nmass hyp. : 0 Ntracks : 0 Nsignals : 0
 Contravariant vector in car coordinates : 4.03629 2.22045e-016 1.22461e-016 1.22461e-016
 ------------- Errors in car coordinates : 0 0 0 0
 --- Lorentz invariant (v^i*v_i) : 16.2916 error : 0
 Begin-point : Vector in car coordinates : 0.01 0.02 0.03
   Err. in car coordinates : 0 0 0
 End-point   : Vector in car coordinates : 4 5 6
   Err. in car coordinates : 0 0 0
  ---Track no. 7
  *AliTrack::Info* Mass : 4.94526 error : 0 Charge : 12 Momentum : 1 Nmass hyp. : 0 Ntracks : 0 Nsignals : 0
 Contravariant vector in car coordinates : 5.04536 1.20968e-016 1.90616e-017 -1
 ------------- Errors in car coordinates : 0 0 0 0
 --- Lorentz invariant (v^i*v_i) : 24.4556 error : 0
 Begin-point : Vector in car coordinates : 0.01 0.02 0.03
   Err. in car coordinates : 0 0 0
 End-point   : Vector in car coordinates : 11 12 13
   Err. in car coordinates : 0 0 0
  ---Level 1 sec. vertex no. 1
  *AliVertex::Info* Invmass : 4.03629 Charge : 10 Momentum : 2.81597e-016 Ntracks : 4 Nvertices : 0
  Contravariant vector in car coordinates : 4.03629 2.22045e-016 1.22461e-016 1.22461e-016
 ------------- Errors in car coordinates : 0 0 0 0
 --- Lorentz invariant (v^i*v_i) : 16.2916 error : 0
  Position Vector in car coordinates : 1 2 3
   Err. in car coordinates : 0 0 0
  ---Track no. 1
  *AliTrack::Info* Mass : 0.135 error : 0 Charge : 1 Momentum : 1 Nmass hyp. : 0 Ntracks : 0 Nsignals : 0
 Contravariant vector in car coordinates : 1.00907 0 0 1
 ------------- Errors in car coordinates : 0 0 0 0
 --- Lorentz invariant (v^i*v_i) : 0.018225 error : 0
 Begin-point : Vector in car coordinates : 0 0 0
   Err. in car coordinates : 0 0 0
 End-point   : Vector in car coordinates : 0 0 0
   Err. in car coordinates : 0 0 0
  ---Track no. 2
  *AliTrack::Info* Mass : 0.135 error : 0 Charge : 2 Momentum : 1 Nmass hyp. : 0 Ntracks : 0 Nsignals : 0
 Contravariant vector in car coordinates : 1.00907 1.22461e-016 0 -1
 ------------- Errors in car coordinates : 0 0 0 0
 --- Lorentz invariant (v^i*v_i) : 0.018225 error : 0
 Begin-point : Vector in car coordinates : 0 0 0
   Err. in car coordinates : 0 0 0
 End-point   : Vector in car coordinates : 0 0 0
   Err. in car coordinates : 0 0 0
  ---Track no. 3
  *AliTrack::Info* Mass : 0.135 error : 0 Charge : 3 Momentum : 1 Nmass hyp. : 0 Ntracks : 0 Nsignals : 0
 Contravariant vector in car coordinates : 1.00907 1 0 6.12303e-017
 ------------- Errors in car coordinates : 0 0 0 0
 --- Lorentz invariant (v^i*v_i) : 0.018225 error : 0
 Begin-point : Vector in car coordinates : 0 0 0
   Err. in car coordinates : 0 0 0
 End-point   : Vector in car coordinates : 0 0 0
   Err. in car coordinates : 0 0 0
  ---Track no. 4
  *AliTrack::Info* Mass : 0.135 error : 0 Charge : 4 Momentum : 1 Nmass hyp. : 0 Ntracks : 0 Nsignals : 0
 Contravariant vector in car coordinates : 1.00907 -1 1.22461e-016 6.12303e-017
 ------------- Errors in car coordinates : 0 0 0 0
 --- Lorentz invariant (v^i*v_i) : 0.018225 error : 0
 Begin-point : Vector in car coordinates : 0 0 0
   Err. in car coordinates : 0 0 0
 End-point   : Vector in car coordinates : 0 0 0
   Err. in car coordinates : 0 0 0
  ---Level 1 sec. vertex no. 2
  *AliVertex::Info* Invmass : 4.03629 Charge : 10 Momentum : 2.81597e-016 Ntracks : 4 Nvertices : 0
  Contravariant vector in car coordinates : 4.03629 2.22045e-016 1.22461e-016 1.22461e-016
 ------------- Errors in car coordinates : 0 0 0 0
 --- Lorentz invariant (v^i*v_i) : 16.2916 error : 0
  Position Vector in car coordinates : 4 5 6
   Err. in car coordinates : 0 0 0
  ---Track no. 1
  *AliTrack::Info* Mass : 0.135 error : 0 Charge : 1 Momentum : 1 Nmass hyp. : 0 Ntracks : 0 Nsignals : 0
 Contravariant vector in car coordinates : 1.00907 0 0 1
 ------------- Errors in car coordinates : 0 0 0 0
 --- Lorentz invariant (v^i*v_i) : 0.018225 error : 0
 Begin-point : Vector in car coordinates : 0 0 0
   Err. in car coordinates : 0 0 0
 End-point   : Vector in car coordinates : 0 0 0
   Err. in car coordinates : 0 0 0
  ---Track no. 2
  *AliTrack::Info* Mass : 0.135 error : 0 Charge : 2 Momentum : 1 Nmass hyp. : 0 Ntracks : 0 Nsignals : 0
 Contravariant vector in car coordinates : 1.00907 1.22461e-016 0 -1
 ------------- Errors in car coordinates : 0 0 0 0
 --- Lorentz invariant (v^i*v_i) : 0.018225 error : 0
 Begin-point : Vector in car coordinates : 0 0 0
   Err. in car coordinates : 0 0 0
 End-point   : Vector in car coordinates : 0 0 0
   Err. in car coordinates : 0 0 0
  ---Track no. 3
  *AliTrack::Info* Mass : 0.135 error : 0 Charge : 3 Momentum : 1 Nmass hyp. : 0 Ntracks : 0 Nsignals : 0
 Contravariant vector in car coordinates : 1.00907 1 0 6.12303e-017
 ------------- Errors in car coordinates : 0 0 0 0
 --- Lorentz invariant (v^i*v_i) : 0.018225 error : 0
 Begin-point : Vector in car coordinates : 0 0 0
   Err. in car coordinates : 0 0 0
 End-point   : Vector in car coordinates : 0 0 0
   Err. in car coordinates : 0 0 0
  ---Track no. 4
  *AliTrack::Info* Mass : 0.135 error : 0 Charge : 4 Momentum : 1 Nmass hyp. : 0 Ntracks : 0 Nsignals : 0
 Contravariant vector in car coordinates : 1.00907 -1 1.22461e-016 6.12303e-017
 ------------- Errors in car coordinates : 0 0 0 0
 --- Lorentz invariant (v^i*v_i) : 0.018225 error : 0
 Begin-point : Vector in car coordinates : 0 0 0
   Err. in car coordinates : 0 0 0
 End-point   : Vector in car coordinates : 0 0 0
   Err. in car coordinates : 0 0 0
  ---Level 1 sec. vertex no. 3
  *AliVertex::Info* Invmass : 4.94526 Charge : 12 Momentum : 1 Ntracks : 4 Nvertices : 1
  Contravariant vector in car coordinates : 5.04536 1.20968e-016 1.90616e-017 -1
 ------------- Errors in car coordinates : 0 0 0 0
 --- Lorentz invariant (v^i*v_i) : 24.4556 error : 0
  Position Vector in car coordinates : 11 12 13
   Err. in car coordinates : 0 0 0
  ---Track no. 1
  *AliTrack::Info* Mass : 0.135 error : 0 Charge : 1 Momentum : 1 Nmass hyp. : 0 Ntracks : 0 Nsignals : 0
 Contravariant vector in car coordinates : 1.00907 0 0 1
 ------------- Errors in car coordinates : 0 0 0 0
 --- Lorentz invariant (v^i*v_i) : 0.018225 error : 0
 Begin-point : Vector in car coordinates : 0 0 0
   Err. in car coordinates : 0 0 0
 End-point   : Vector in car coordinates : 0 0 0
   Err. in car coordinates : 0 0 0
  ---Track no. 2
  *AliTrack::Info* Mass : 0.135 error : 0 Charge : 2 Momentum : 1 Nmass hyp. : 0 Ntracks : 0 Nsignals : 0
 Contravariant vector in car coordinates : 1.00907 1.22461e-016 0 -1
 ------------- Errors in car coordinates : 0 0 0 0
 --- Lorentz invariant (v^i*v_i) : 0.018225 error : 0
 Begin-point : Vector in car coordinates : 0 0 0
   Err. in car coordinates : 0 0 0
 End-point   : Vector in car coordinates : 0 0 0
   Err. in car coordinates : 0 0 0
  ---Track no. 3
  *AliTrack::Info* Mass : 0.135 error : 0 Charge : 4 Momentum : 1 Nmass hyp. : 0 Ntracks : 0 Nsignals : 0
 Contravariant vector in car coordinates : 1.00907 -1 1.22461e-016 6.12303e-017
 ------------- Errors in car coordinates : 0 0 0 0
 --- Lorentz invariant (v^i*v_i) : 0.018225 error : 0
 Begin-point : Vector in car coordinates : 0 0 0
   Err. in car coordinates : 0 0 0
 End-point   : Vector in car coordinates : 0 0 0
   Err. in car coordinates : 0 0 0
  ---Track no. 4
  *AliTrack::Info* Mass : 1.43976 error : 0 Charge : 5 Momentum : 1.41421 Nmass hyp. : 0 Ntracks : 0 Nsignals : 0
 Contravariant vector in car coordinates : 2.01814 1 0 -1
 ------------- Errors in car coordinates : 0 0 0 0
 --- Lorentz invariant (v^i*v_i) : 2.0729 error : 0
 Begin-point : Vector in car coordinates : 11 12 13
   Err. in car coordinates : 0 0 0
 End-point   : Vector in car coordinates : 21 22 23
   Err. in car coordinates : 0 0 0
  ---Level 2 sec. vertex no. 1
  *AliVertex::Info* Invmass : 1.43976 Charge : 5 Momentum : 1.41421 Ntracks : 2 Nvertices : 0
  Contravariant vector in car coordinates : 2.01814 1 0 -1
 ------------- Errors in car coordinates : 0 0 0 0
 --- Lorentz invariant (v^i*v_i) : 2.0729 error : 0
  Position Vector in car coordinates : 21 22 23
   Err. in car coordinates : 0 0 0
  ---Track no. 1
  *AliTrack::Info* Mass : 0.135 error : 0 Charge : 2 Momentum : 1 Nmass hyp. : 0 Ntracks : 0 Nsignals : 0
 Contravariant vector in car coordinates : 1.00907 1.22461e-016 0 -1
 ------------- Errors in car coordinates : 0 0 0 0
 --- Lorentz invariant (v^i*v_i) : 0.018225 error : 0
 Begin-point : Vector in car coordinates : 0 0 0
   Err. in car coordinates : 0 0 0
 End-point   : Vector in car coordinates : 0 0 0
   Err. in car coordinates : 0 0 0
  ---Track no. 2
  *AliTrack::Info* Mass : 0.135 error : 0 Charge : 3 Momentum : 1 Nmass hyp. : 0 Ntracks : 0 Nsignals : 0
 Contravariant vector in car coordinates : 1.00907 1 0 6.12303e-017
 ------------- Errors in car coordinates : 0 0 0 0
 --- Lorentz invariant (v^i*v_i) : 0.018225 error : 0
 Begin-point : Vector in car coordinates : 0 0 0
   Err. in car coordinates : 0 0 0
 End-point   : Vector in car coordinates : 0 0 0
   Err. in car coordinates : 0 0 0

 === Going for event number : 4

 *AliEvent::Info* Run : 12345 Event : 4 Date : 06-jun-2001 Time : 14:39:25
 *AliVertex::Info* Invmass : 0 Charge : 0 Momentum : 0 Ntracks : 0 Nvertices : 0
  Contravariant vector in car coordinates : 0 0 0 0
 ------------- Errors in car coordinates : 0 0 0 0
 --- Lorentz invariant (v^i*v_i) : 0 error : 0
  Position Vector in car coordinates : 0 0 0
   Err. in car coordinates : 0 0 0

 === Going for event number : 5

 Event : 5
 *AliEvent::Info* Run : 12345 Event : 5 Date : 06-jun-2001 Time : 14:39:25
 *AliVertex::Info* Invmass : 17.125 Charge : 42 Momentum : 1 Ntracks : 7 Nvertices : 3
  Contravariant vector in car coordinates : 17.1542 1.09926e-016 5.39705e-017 -1
 ------------- Errors in car coordinates : 0 0 0 0
 --- Lorentz invariant (v^i*v_i) : 293.267 error : 0
  Position Vector in car coordinates : 0.01 0.02 0.03
   Err. in car coordinates : 0 0 0
  ---Track no. 1
  *AliTrack::Info* Mass : 0.135 error : 0 Charge : 1 Momentum : 1 Nmass hyp. : 0 Ntracks : 0 Nsignals : 0
 Contravariant vector in car coordinates : 1.00907 0 0 1
 ------------- Errors in car coordinates : 0 0 0 0
 --- Lorentz invariant (v^i*v_i) : 0.018225 error : 0
 Begin-point : Vector in car coordinates : 0 0 0
   Err. in car coordinates : 0 0 0
 End-point   : Vector in car coordinates : 0 0 0
   Err. in car coordinates : 0 0 0
  ---Track no. 2
  *AliTrack::Info* Mass : 0.135 error : 0 Charge : 2 Momentum : 1 Nmass hyp. : 0 Ntracks : 0 Nsignals : 0
 Contravariant vector in car coordinates : 1.00907 1.22461e-016 0 -1
 ------------- Errors in car coordinates : 0 0 0 0
 --- Lorentz invariant (v^i*v_i) : 0.018225 error : 0
 Begin-point : Vector in car coordinates : 0 0 0
   Err. in car coordinates : 0 0 0
 End-point   : Vector in car coordinates : 0 0 0
   Err. in car coordinates : 0 0 0
  ---Track no. 3
  *AliTrack::Info* Mass : 0.135 error : 0 Charge : 3 Momentum : 1 Nmass hyp. : 0 Ntracks : 2 Nsignals : 0
 Contravariant vector in car coordinates : 1.00907 1 0 6.12303e-017
 ------------- Errors in car coordinates : 0 0 0 0
 --- Lorentz invariant (v^i*v_i) : 0.018225 error : 0
 Begin-point : Vector in car coordinates : 0 0 0
   Err. in car coordinates : 0 0 0
 End-point   : Vector in car coordinates : 0 0 0
   Err. in car coordinates : 0 0 0
  ---Level 1 sec. track no. 1
 *AliTrack::Info* Mass : 0.01 error : 0 Charge : 0 Momentum : 0.49613 Nmass hyp. : 0 Ntracks : 2 Nsignals : 0
 Contravariant vector in car coordinates : 0.496231 0.49177 0 0.0656314
 ------------- Errors in car coordinates : 0 0 0 0
 --- Lorentz invariant (v^i*v_i) : 0.0001 error : 0
  ---Level 2 sec. track no. 1
 *AliTrack::Info* Mass : 0.001 error : 0 Charge : 0 Momentum : 0.271817 Nmass hyp. : 0 Ntracks : 0 Nsignals : 0
 Contravariant vector in car coordinates : 0.271819 0.268766 0 0.0406152
 ------------- Errors in car coordinates : 0 0 0 0
 --- Lorentz invariant (v^i*v_i) : 1e-006 error : 0
  ---Level 2 sec. track no. 2
 *AliTrack::Info* Mass : 0.002 error : 0 Charge : 0 Momentum : 0.224403 Nmass hyp. : 0 Ntracks : 0 Nsignals : 0
 Contravariant vector in car coordinates : 0.224411 0.223004 0 0.0250162
 ------------- Errors in car coordinates : 0 0 0 0
 --- Lorentz invariant (v^i*v_i) : 4e-006 error : 0
  ---Level 1 sec. track no. 2
 *AliTrack::Info* Mass : 0.02 error : 0 Charge : 0 Momentum : 0.512451 Nmass hyp. : 0 Ntracks : 2 Nsignals : 0
 Contravariant vector in car coordinates : 0.512841 0.50823 0 -0.0656314
 ------------- Errors in car coordinates : 0 0 0 0
 --- Lorentz invariant (v^i*v_i) : 0.0004 error : 0
  ---Level 2 sec. track no. 1
 *AliTrack::Info* Mass : 0.001 error : 0 Charge : 0 Momentum : 0.222091 Nmass hyp. : 0 Ntracks : 0 Nsignals : 0
 Contravariant vector in car coordinates : 0.222093 0.221302 0 -0.0187038
 ------------- Errors in car coordinates : 0 0 0 0
 --- Lorentz invariant (v^i*v_i) : 1e-006 error : 0
  ---Level 2 sec. track no. 2
 *AliTrack::Info* Mass : 0.002 error : 0 Charge : 0 Momentum : 0.290741 Nmass hyp. : 0 Ntracks : 0 Nsignals : 0
 Contravariant vector in car coordinates : 0.290747 0.286928 0 -0.0469276
 ------------- Errors in car coordinates : 0 0 0 0
 --- Lorentz invariant (v^i*v_i) : 4e-006 error : 0
  ---Track no. 4
  *AliTrack::Info* Mass : 0.135 error : 0 Charge : 4 Momentum : 1 Nmass hyp. : 0 Ntracks : 0 Nsignals : 0
 Contravariant vector in car coordinates : 1.00907 -1 1.22461e-016 6.12303e-017
 ------------- Errors in car coordinates : 0 0 0 0
 --- Lorentz invariant (v^i*v_i) : 0.018225 error : 0
 Begin-point : Vector in car coordinates : 0 0 0
   Err. in car coordinates : 0 0 0
 End-point   : Vector in car coordinates : 0 0 0
   Err. in car coordinates : 0 0 0
  ---Track no. 5
  *AliTrack::Info* Mass : 4.03629 error : 0 Charge : 10 Momentum : 2.81597e-016 Nmass hyp. : 0 Ntracks : 0 Nsignals : 0
 Contravariant vector in car coordinates : 4.03629 2.22045e-016 1.22461e-016 1.22461e-016
 ------------- Errors in car coordinates : 0 0 0 0
 --- Lorentz invariant (v^i*v_i) : 16.2916 error : 0
 Begin-point : Vector in car coordinates : 0.01 0.02 0.03
   Err. in car coordinates : 0 0 0
 End-point   : Vector in car coordinates : 1 2 3
   Err. in car coordinates : 0 0 0
  ---Track no. 6
  *AliTrack::Info* Mass : 4.03629 error : 0 Charge : 10 Momentum : 2.81597e-016 Nmass hyp. : 0 Ntracks : 0 Nsignals : 0
 Contravariant vector in car coordinates : 4.03629 2.22045e-016 1.22461e-016 1.22461e-016
 ------------- Errors in car coordinates : 0 0 0 0
 --- Lorentz invariant (v^i*v_i) : 16.2916 error : 0
 Begin-point : Vector in car coordinates : 0.01 0.02 0.03
   Err. in car coordinates : 0 0 0
 End-point   : Vector in car coordinates : 4 5 6
   Err. in car coordinates : 0 0 0
  ---Track no. 7
  *AliTrack::Info* Mass : 4.94526 error : 0 Charge : 12 Momentum : 1 Nmass hyp. : 0 Ntracks : 0 Nsignals : 0
 Contravariant vector in car coordinates : 5.04536 1.20968e-016 1.90616e-017 -1
 ------------- Errors in car coordinates : 0 0 0 0
 --- Lorentz invariant (v^i*v_i) : 24.4556 error : 0
 Begin-point : Vector in car coordinates : 0.01 0.02 0.03
   Err. in car coordinates : 0 0 0
 End-point   : Vector in car coordinates : 11 12 13
   Err. in car coordinates : 0 0 0
  ---Level 1 sec. vertex no. 1
  *AliVertex::Info* Invmass : 4.03629 Charge : 10 Momentum : 2.81597e-016 Ntracks : 4 Nvertices : 0
  Contravariant vector in car coordinates : 4.03629 2.22045e-016 1.22461e-016 1.22461e-016
 ------------- Errors in car coordinates : 0 0 0 0
 --- Lorentz invariant (v^i*v_i) : 16.2916 error : 0
  Position Vector in car coordinates : 1 2 3
   Err. in car coordinates : 0 0 0
  ---Track no. 1
  *AliTrack::Info* Mass : 0.135 error : 0 Charge : 1 Momentum : 1 Nmass hyp. : 0 Ntracks : 0 Nsignals : 0
 Contravariant vector in car coordinates : 1.00907 0 0 1
 ------------- Errors in car coordinates : 0 0 0 0
 --- Lorentz invariant (v^i*v_i) : 0.018225 error : 0
 Begin-point : Vector in car coordinates : 0 0 0
   Err. in car coordinates : 0 0 0
 End-point   : Vector in car coordinates : 0 0 0
   Err. in car coordinates : 0 0 0
  ---Track no. 2
  *AliTrack::Info* Mass : 0.135 error : 0 Charge : 2 Momentum : 1 Nmass hyp. : 0 Ntracks : 0 Nsignals : 0
 Contravariant vector in car coordinates : 1.00907 1.22461e-016 0 -1
 ------------- Errors in car coordinates : 0 0 0 0
 --- Lorentz invariant (v^i*v_i) : 0.018225 error : 0
 Begin-point : Vector in car coordinates : 0 0 0
   Err. in car coordinates : 0 0 0
 End-point   : Vector in car coordinates : 0 0 0
   Err. in car coordinates : 0 0 0
  ---Track no. 3
  *AliTrack::Info* Mass : 0.135 error : 0 Charge : 3 Momentum : 1 Nmass hyp. : 0 Ntracks : 2 Nsignals : 0
 Contravariant vector in car coordinates : 1.00907 1 0 6.12303e-017
 ------------- Errors in car coordinates : 0 0 0 0
 --- Lorentz invariant (v^i*v_i) : 0.018225 error : 0
 Begin-point : Vector in car coordinates : 0 0 0
   Err. in car coordinates : 0 0 0
 End-point   : Vector in car coordinates : 0 0 0
   Err. in car coordinates : 0 0 0
  ---Level 1 sec. track no. 1
 *AliTrack::Info* Mass : 0.01 error : 0 Charge : 0 Momentum : 0.49613 Nmass hyp. : 0 Ntracks : 2 Nsignals : 0
 Contravariant vector in car coordinates : 0.496231 0.49177 0 0.0656314
 ------------- Errors in car coordinates : 0 0 0 0
 --- Lorentz invariant (v^i*v_i) : 0.0001 error : 0
  ---Level 2 sec. track no. 1
 *AliTrack::Info* Mass : 0.001 error : 0 Charge : 0 Momentum : 0.271817 Nmass hyp. : 0 Ntracks : 0 Nsignals : 0
 Contravariant vector in car coordinates : 0.271819 0.268766 0 0.0406152
 ------------- Errors in car coordinates : 0 0 0 0
 --- Lorentz invariant (v^i*v_i) : 1e-006 error : 0
  ---Level 2 sec. track no. 2
 *AliTrack::Info* Mass : 0.002 error : 0 Charge : 0 Momentum : 0.224403 Nmass hyp. : 0 Ntracks : 0 Nsignals : 0
 Contravariant vector in car coordinates : 0.224411 0.223004 0 0.0250162
 ------------- Errors in car coordinates : 0 0 0 0
 --- Lorentz invariant (v^i*v_i) : 4e-006 error : 0
  ---Level 1 sec. track no. 2
 *AliTrack::Info* Mass : 0.02 error : 0 Charge : 0 Momentum : 0.512451 Nmass hyp. : 0 Ntracks : 2 Nsignals : 0
 Contravariant vector in car coordinates : 0.512841 0.50823 0 -0.0656314
 ------------- Errors in car coordinates : 0 0 0 0
 --- Lorentz invariant (v^i*v_i) : 0.0004 error : 0
  ---Level 2 sec. track no. 1
 *AliTrack::Info* Mass : 0.001 error : 0 Charge : 0 Momentum : 0.222091 Nmass hyp. : 0 Ntracks : 0 Nsignals : 0
 Contravariant vector in car coordinates : 0.222093 0.221302 0 -0.0187038
 ------------- Errors in car coordinates : 0 0 0 0
 --- Lorentz invariant (v^i*v_i) : 1e-006 error : 0
  ---Level 2 sec. track no. 2
 *AliTrack::Info* Mass : 0.002 error : 0 Charge : 0 Momentum : 0.290741 Nmass hyp. : 0 Ntracks : 0 Nsignals : 0
 Contravariant vector in car coordinates : 0.290747 0.286928 0 -0.0469276
 ------------- Errors in car coordinates : 0 0 0 0
 --- Lorentz invariant (v^i*v_i) : 4e-006 error : 0
  ---Track no. 4
  *AliTrack::Info* Mass : 0.135 error : 0 Charge : 4 Momentum : 1 Nmass hyp. : 0 Ntracks : 0 Nsignals : 0
 Contravariant vector in car coordinates : 1.00907 -1 1.22461e-016 6.12303e-017
 ------------- Errors in car coordinates : 0 0 0 0
 --- Lorentz invariant (v^i*v_i) : 0.018225 error : 0
 Begin-point : Vector in car coordinates : 0 0 0
   Err. in car coordinates : 0 0 0
 End-point   : Vector in car coordinates : 0 0 0
   Err. in car coordinates : 0 0 0
  ---Level 1 sec. vertex no. 2
  *AliVertex::Info* Invmass : 4.03629 Charge : 10 Momentum : 2.81597e-016 Ntracks : 4 Nvertices : 0
  Contravariant vector in car coordinates : 4.03629 2.22045e-016 1.22461e-016 1.22461e-016
 ------------- Errors in car coordinates : 0 0 0 0
 --- Lorentz invariant (v^i*v_i) : 16.2916 error : 0
  Position Vector in car coordinates : 4 5 6
   Err. in car coordinates : 0 0 0
  ---Track no. 1
  *AliTrack::Info* Mass : 0.135 error : 0 Charge : 1 Momentum : 1 Nmass hyp. : 0 Ntracks : 0 Nsignals : 0
 Contravariant vector in car coordinates : 1.00907 0 0 1
 ------------- Errors in car coordinates : 0 0 0 0
 --- Lorentz invariant (v^i*v_i) : 0.018225 error : 0
 Begin-point : Vector in car coordinates : 0 0 0
   Err. in car coordinates : 0 0 0
 End-point   : Vector in car coordinates : 0 0 0
   Err. in car coordinates : 0 0 0
  ---Track no. 2
  *AliTrack::Info* Mass : 0.135 error : 0 Charge : 2 Momentum : 1 Nmass hyp. : 0 Ntracks : 0 Nsignals : 0
 Contravariant vector in car coordinates : 1.00907 1.22461e-016 0 -1
 ------------- Errors in car coordinates : 0 0 0 0
 --- Lorentz invariant (v^i*v_i) : 0.018225 error : 0
 Begin-point : Vector in car coordinates : 0 0 0
   Err. in car coordinates : 0 0 0
 End-point   : Vector in car coordinates : 0 0 0
   Err. in car coordinates : 0 0 0
  ---Track no. 3
  *AliTrack::Info* Mass : 0.135 error : 0 Charge : 3 Momentum : 1 Nmass hyp. : 0 Ntracks : 2 Nsignals : 0
 Contravariant vector in car coordinates : 1.00907 1 0 6.12303e-017
 ------------- Errors in car coordinates : 0 0 0 0
 --- Lorentz invariant (v^i*v_i) : 0.018225 error : 0
 Begin-point : Vector in car coordinates : 0 0 0
   Err. in car coordinates : 0 0 0
 End-point   : Vector in car coordinates : 0 0 0
   Err. in car coordinates : 0 0 0
  ---Level 1 sec. track no. 1
 *AliTrack::Info* Mass : 0.01 error : 0 Charge : 0 Momentum : 0.49613 Nmass hyp. : 0 Ntracks : 2 Nsignals : 0
 Contravariant vector in car coordinates : 0.496231 0.49177 0 0.0656314
 ------------- Errors in car coordinates : 0 0 0 0
 --- Lorentz invariant (v^i*v_i) : 0.0001 error : 0
  ---Level 2 sec. track no. 1
 *AliTrack::Info* Mass : 0.001 error : 0 Charge : 0 Momentum : 0.271817 Nmass hyp. : 0 Ntracks : 0 Nsignals : 0
 Contravariant vector in car coordinates : 0.271819 0.268766 0 0.0406152
 ------------- Errors in car coordinates : 0 0 0 0
 --- Lorentz invariant (v^i*v_i) : 1e-006 error : 0
  ---Level 2 sec. track no. 2
 *AliTrack::Info* Mass : 0.002 error : 0 Charge : 0 Momentum : 0.224403 Nmass hyp. : 0 Ntracks : 0 Nsignals : 0
 Contravariant vector in car coordinates : 0.224411 0.223004 0 0.0250162
 ------------- Errors in car coordinates : 0 0 0 0
 --- Lorentz invariant (v^i*v_i) : 4e-006 error : 0
  ---Level 1 sec. track no. 2
 *AliTrack::Info* Mass : 0.02 error : 0 Charge : 0 Momentum : 0.512451 Nmass hyp. : 0 Ntracks : 2 Nsignals : 0
 Contravariant vector in car coordinates : 0.512841 0.50823 0 -0.0656314
 ------------- Errors in car coordinates : 0 0 0 0
 --- Lorentz invariant (v^i*v_i) : 0.0004 error : 0
  ---Level 2 sec. track no. 1
 *AliTrack::Info* Mass : 0.001 error : 0 Charge : 0 Momentum : 0.222091 Nmass hyp. : 0 Ntracks : 0 Nsignals : 0
 Contravariant vector in car coordinates : 0.222093 0.221302 0 -0.0187038
 ------------- Errors in car coordinates : 0 0 0 0
 --- Lorentz invariant (v^i*v_i) : 1e-006 error : 0
  ---Level 2 sec. track no. 2
 *AliTrack::Info* Mass : 0.002 error : 0 Charge : 0 Momentum : 0.290741 Nmass hyp. : 0 Ntracks : 0 Nsignals : 0
 Contravariant vector in car coordinates : 0.290747 0.286928 0 -0.0469276
 ------------- Errors in car coordinates : 0 0 0 0
 --- Lorentz invariant (v^i*v_i) : 4e-006 error : 0
  ---Track no. 4
  *AliTrack::Info* Mass : 0.135 error : 0 Charge : 4 Momentum : 1 Nmass hyp. : 0 Ntracks : 0 Nsignals : 0
 Contravariant vector in car coordinates : 1.00907 -1 1.22461e-016 6.12303e-017
 ------------- Errors in car coordinates : 0 0 0 0
 --- Lorentz invariant (v^i*v_i) : 0.018225 error : 0
 Begin-point : Vector in car coordinates : 0 0 0
   Err. in car coordinates : 0 0 0
 End-point   : Vector in car coordinates : 0 0 0
   Err. in car coordinates : 0 0 0
  ---Level 1 sec. vertex no. 3
  *AliVertex::Info* Invmass : 4.94526 Charge : 12 Momentum : 1 Ntracks : 4 Nvertices : 1
  Contravariant vector in car coordinates : 5.04536 1.20968e-016 1.90616e-017 -1
 ------------- Errors in car coordinates : 0 0 0 0
 --- Lorentz invariant (v^i*v_i) : 24.4556 error : 0
  Position Vector in car coordinates : 11 12 13
   Err. in car coordinates : 0 0 0
  ---Track no. 1
  *AliTrack::Info* Mass : 0.135 error : 0 Charge : 1 Momentum : 1 Nmass hyp. : 0 Ntracks : 0 Nsignals : 0
 Contravariant vector in car coordinates : 1.00907 0 0 1
 ------------- Errors in car coordinates : 0 0 0 0
 --- Lorentz invariant (v^i*v_i) : 0.018225 error : 0
 Begin-point : Vector in car coordinates : 0 0 0
   Err. in car coordinates : 0 0 0
 End-point   : Vector in car coordinates : 0 0 0
   Err. in car coordinates : 0 0 0
  ---Track no. 2
  *AliTrack::Info* Mass : 0.135 error : 0 Charge : 2 Momentum : 1 Nmass hyp. : 0 Ntracks : 0 Nsignals : 0
 Contravariant vector in car coordinates : 1.00907 1.22461e-016 0 -1
 ------------- Errors in car coordinates : 0 0 0 0
 --- Lorentz invariant (v^i*v_i) : 0.018225 error : 0
 Begin-point : Vector in car coordinates : 0 0 0
   Err. in car coordinates : 0 0 0
 End-point   : Vector in car coordinates : 0 0 0
   Err. in car coordinates : 0 0 0
  ---Track no. 3
  *AliTrack::Info* Mass : 0.135 error : 0 Charge : 4 Momentum : 1 Nmass hyp. : 0 Ntracks : 0 Nsignals : 0
 Contravariant vector in car coordinates : 1.00907 -1 1.22461e-016 6.12303e-017
 ------------- Errors in car coordinates : 0 0 0 0
 --- Lorentz invariant (v^i*v_i) : 0.018225 error : 0
 Begin-point : Vector in car coordinates : 0 0 0
   Err. in car coordinates : 0 0 0
 End-point   : Vector in car coordinates : 0 0 0
   Err. in car coordinates : 0 0 0
  ---Track no. 4
  *AliTrack::Info* Mass : 1.43976 error : 0 Charge : 5 Momentum : 1.41421 Nmass hyp. : 0 Ntracks : 0 Nsignals : 0
 Contravariant vector in car coordinates : 2.01814 1 0 -1
 ------------- Errors in car coordinates : 0 0 0 0
 --- Lorentz invariant (v^i*v_i) : 2.0729 error : 0
 Begin-point : Vector in car coordinates : 11 12 13
   Err. in car coordinates : 0 0 0
 End-point   : Vector in car coordinates : 21 22 23
   Err. in car coordinates : 0 0 0
  ---Level 2 sec. vertex no. 1
  *AliVertex::Info* Invmass : 1.43976 Charge : 5 Momentum : 1.41421 Ntracks : 2 Nvertices : 0
  Contravariant vector in car coordinates : 2.01814 1 0 -1
 ------------- Errors in car coordinates : 0 0 0 0
 --- Lorentz invariant (v^i*v_i) : 2.0729 error : 0
  Position Vector in car coordinates : 21 22 23
   Err. in car coordinates : 0 0 0
  ---Track no. 1
  *AliTrack::Info* Mass : 0.135 error : 0 Charge : 2 Momentum : 1 Nmass hyp. : 0 Ntracks : 0 Nsignals : 0
 Contravariant vector in car coordinates : 1.00907 1.22461e-016 0 -1
 ------------- Errors in car coordinates : 0 0 0 0
 --- Lorentz invariant (v^i*v_i) : 0.018225 error : 0
 Begin-point : Vector in car coordinates : 0 0 0
   Err. in car coordinates : 0 0 0
 End-point   : Vector in car coordinates : 0 0 0
   Err. in car coordinates : 0 0 0
  ---Track no. 2
  *AliTrack::Info* Mass : 0.135 error : 0 Charge : 3 Momentum : 1 Nmass hyp. : 0 Ntracks : 2 Nsignals : 0
 Contravariant vector in car coordinates : 1.00907 1 0 6.12303e-017
 ------------- Errors in car coordinates : 0 0 0 0
 --- Lorentz invariant (v^i*v_i) : 0.018225 error : 0
 Begin-point : Vector in car coordinates : 0 0 0
   Err. in car coordinates : 0 0 0
 End-point   : Vector in car coordinates : 0 0 0
   Err. in car coordinates : 0 0 0
  ---Level 1 sec. track no. 1
 *AliTrack::Info* Mass : 0.01 error : 0 Charge : 0 Momentum : 0.49613 Nmass hyp. : 0 Ntracks : 2 Nsignals : 0
 Contravariant vector in car coordinates : 0.496231 0.49177 0 0.0656314
 ------------- Errors in car coordinates : 0 0 0 0
 --- Lorentz invariant (v^i*v_i) : 0.0001 error : 0
  ---Level 2 sec. track no. 1
 *AliTrack::Info* Mass : 0.001 error : 0 Charge : 0 Momentum : 0.271817 Nmass hyp. : 0 Ntracks : 0 Nsignals : 0
 Contravariant vector in car coordinates : 0.271819 0.268766 0 0.0406152
 ------------- Errors in car coordinates : 0 0 0 0
 --- Lorentz invariant (v^i*v_i) : 1e-006 error : 0
  ---Level 2 sec. track no. 2
 *AliTrack::Info* Mass : 0.002 error : 0 Charge : 0 Momentum : 0.224403 Nmass hyp. : 0 Ntracks : 0 Nsignals : 0
 Contravariant vector in car coordinates : 0.224411 0.223004 0 0.0250162
 ------------- Errors in car coordinates : 0 0 0 0
 --- Lorentz invariant (v^i*v_i) : 4e-006 error : 0
  ---Level 1 sec. track no. 2
 *AliTrack::Info* Mass : 0.02 error : 0 Charge : 0 Momentum : 0.512451 Nmass hyp. : 0 Ntracks : 2 Nsignals : 0
 Contravariant vector in car coordinates : 0.512841 0.50823 0 -0.0656314
 ------------- Errors in car coordinates : 0 0 0 0
 --- Lorentz invariant (v^i*v_i) : 0.0004 error : 0
  ---Level 2 sec. track no. 1
 *AliTrack::Info* Mass : 0.001 error : 0 Charge : 0 Momentum : 0.222091 Nmass hyp. : 0 Ntracks : 0 Nsignals : 0
 Contravariant vector in car coordinates : 0.222093 0.221302 0 -0.0187038
 ------------- Errors in car coordinates : 0 0 0 0
 --- Lorentz invariant (v^i*v_i) : 1e-006 error : 0
  ---Level 2 sec. track no. 2
 *AliTrack::Info* Mass : 0.002 error : 0 Charge : 0 Momentum : 0.290741 Nmass hyp. : 0 Ntracks : 0 Nsignals : 0
 Contravariant vector in car coordinates : 0.290747 0.286928 0 -0.0469276
 ------------- Errors in car coordinates : 0 0 0 0
 --- Lorentz invariant (v^i*v_i) : 4e-006 error : 0

******************************************************************************
*Tree    :T         : Test tree for AliEvent output                          *
*Entries :        5 : Total =               0 bytes  File  Size =          0 *
*        :          : Tree compression factor =   1.00                       *
******************************************************************************
*Br    0 :Events    : Events                                                 *
*Entries :        5 : Total  Size=          0 bytes  File Size  =          0 *
*Baskets :        0 : Basket Size=      32000 bytes  Compression=   1.00     *
*............................................................................*


 --- ROOT session ended --- 

 *** Started at Date : 06-jun-2001 Time : 14:39:24 ***

 *** Stopped at Date : 06-jun-2001 Time : 14:39:25 ***

